{"meta": {"format": 3, "version": "7.15.4", "timestamp": "2026-08-25T14:41:19.927830", "branch_coverage": true, "show_contexts": false}, "files": {"src/application/__init__.py": {"executed_lines": [], "summary": {"covered_lines": 0, "num_statements": 0, "percent_covered": 100.0, "percent_covered_display": "100", "missing_lines": 0, "excluded_lines": 0, "percent_statements_covered": 100.0, "percent_statements_covered_display": "100", "num_branches": 0, "num_partial_branches": 0, "covered_branches": 0, "missing_branches": 0, "percent_branches_covered": 100.0, "percent_branches_covered_display": "100"}, "missing_lines": [], "excluded_lines": [], "executed_branches": [], "missing_branches": [], "functions": {"": {"executed_lines": [], "summary": {"covered_lines": 0, "num_statements": 0, "percent_covered": 100.0, "percent_covered_display": "100", "missing_lines": 0, "excluded_lines": 0, "percent_statements_covered": 100.0, "percent_statements_covered_display": "100", "num_branches": 0, "num_partial_branches": 0, "covered_branches": 0, "missing_branches": 0, "percent_branches_covered": 100.0, "percent_branches_covered_display": "100"}, "missing_lines": [], "excluded_lines": [], "start_line": 1, "executed_branches": [], "missing_branches": []}}, "classes": {"": {"executed_lines": [], "summary": {"covered_lines": 0, "num_statements": 0, "percent_covered": 100.0, "percent_covered_display": "100", "missing_lines": 0, "excluded_lines": 0, "percent_statements_covered": 100.0, "percent_statements_covered_display": "100", "num_branches": 0, "num_partial_branches": 0, "covered_branches": 0, "missing_branches": 0, "percent_branches_covered": 100.0, "percent_branches_covered_display": "100"}, "missing_lines": [], "excluded_lines": [], "start_line": 1, "executed_branches": [], "missing_branches": []}}}, "src/application/concurrency.py": {"executed_lines": [2, 4, 5, 7, 9, 11, 14, 19, 20, 21, 22, 23, 24, 25, 26], "summary": {"covered_lines": 15, "num_statements": 15, "percent_covered": 100.0, "percent_covered_display": "100", "missing_lines": 0, "excluded_lines": 0, "percent_statements_covered": 100.0, "percent_statements_covered_display": "100", "num_branches": 2, "num_partial_branches": 0, "covered_branches": 2, "missing_branches": 0, "percent_branches_covered": 100.0, "percent_branches_covered_display": "100"}, "missing_lines": [], "excluded_lines": [], "executed_branches": [[20, 21], [20, 25]], "missing_branches": [], "functions": {"with_concurrency_retry": {"executed_lines": [19, 20, 21, 22, 23, 24, 25, 26], "summary": {"covered_lines": 8, "num_statements": 8, "percent_covered": 100.0, "percent_covered_display": "100", "missing_lines": 0, "excluded_lines": 0, "percent_statements_covered": 100.0, "percent_statements_covered_display": "100", "num_branches": 2, "num_partial_branches": 0, "covered_branches": 2, "missing_branches": 0, "percent_branches_covered": 100.0, "percent_branches_covered_display": "100"}, "missing_lines": [], "excluded_lines": [], "start_line": 14, "executed_branches": [[20, 21], [20, 25]], "missing_branches": []}, "": {"executed_lines": [2, 4, 5, 7, 9, 11, 14], "summary": {"covered_lines": 7, "num_statements": 7, "percent_covered": 100.0, "percent_covered_display": "100", "missing_lines": 0, "excluded_lines": 0, "percent_statements_covered": 100.0, "percent_statements_covered_display": "100", "num_branches": 0, "num_partial_branches": 0, "covered_branches": 0, "missing_branches": 0, "percent_branches_covered": 100.0, "percent_branches_covered_display": "100"}, "missing_lines": [], "excluded_lines": [], "start_line": 1, "executed_branches": [], "missing_branches": []}}, "classes": {"": {"executed_lines": [2, 4, 5, 7, 9, 11, 14, 19, 20, 21, 22, 23, 24, 25, 26], "summary": {"covered_lines": 15, "num_statements": 15, "percent_covered": 100.0, "percent_covered_display": "100", "missing_lines": 0, "excluded_lines": 0, "percent_statements_covered": 100.0, "percent_statements_covered_display": "100", "num_branches": 2, "num_partial_branches": 0, "covered_branches": 2, "missing_branches": 0, "percent_branches_covered": 100.0, "percent_branches_covered_display": "100"}, "missing_lines": [], "excluded_lines": [], "start_line": 1, "executed_branches": [[20, 21], [20, 25]], "missing_branches": []}}}, "src/application/dto/__init__.py": {"executed_lines": [1, 2, 3, 9], "summary": {"covered_lines": 4, "num_statements": 4, "percent_covered": 100.0, "percent_covered_display": "100", "missing_lines": 0, "excluded_lines": 0, "percent_statements_covered": 100.0, "percent_statements_covered_display": "100", "num_branches": 0, "num_partial_branches": 0, "covered_branches": 0, "missing_branches": 0, "percent_branches_covered": 100.0, "percent_branches_covered_display": "100"}, "missing_lines": [], "excluded_lines": [], "executed_branches": [], "missing_branches": [], "functions": {"": {"executed_lines": [1, 2, 3, 9], "summary": {"covered_lines": 4, "num_statements": 4, "percent_covered": 100.0, "percent_covered_display": "100", "missing_lines": 0, "excluded_lines": 0, "percent_statements_covered": 100.0, "percent_statements_covered_display": "100", "num_branches": 0, "num_partial_branches": 0, "covered_branches": 0, "missing_branches": 0, "percent_branches_covered": 100.0, "percent_branches_covered_display": "100"}, "missing_lines": [], "excluded_lines": [], "start_line": 1, "executed_branches": [], "missing_branches": []}}, "classes": {"": {"executed_lines": [1, 2, 3, 9], "summary": {"covered_lines": 4, "num_statements": 4, "percent_covered": 100.0, "percent_covered_display": "100", "missing_lines": 0, "excluded_lines": 0, "percent_statements_covered": 100.0, "percent_statements_covered_display": "100", "num_branches": 0, "num_partial_branches": 0, "covered_branches": 0, "missing_branches": 0, "percent_branches_covered": 100.0, "percent_branches_covered_display": "100"}, "missing_lines": [], "excluded_lines": [], "start_line": 1, "executed_branches": [], "missing_branches": []}}}, "src/application/dto/document_dto.py": {"executed_lines": [1, 2, 3, 4, 7, 8, 9, 10, 11, 14, 15, 16, 17, 18, 19, 20, 21, 22, 23, 26, 27, 28, 29], "summary": {"covered_lines": 23, "num_statements": 23, "percent_covered": 100.0, "percent_covered_display": "100", "missing_lines": 0, "excluded_lines": 0, "percent_statements_covered": 100.0, "percent_statements_covered_display": "100", "num_branches": 0, "num_partial_branches": 0, "covered_branches": 0, "missing_branches": 0, "percent_branches_covered": 100.0, "percent_branches_covered_display": "100"}, "missing_lines": [], "excluded_lines": [], "executed_branches": [], "missing_branches": [], "functions": {"": {"executed_lines": [1, 2, 3, 4, 7, 8, 9, 10, 11, 14, 15, 16, 17, 18, 19, 20, 21, 22, 23, 26, 27, 28, 29], "summary": {"covered_lines": 23, "num_statements": 23, "percent_covered": 100.0, "percent_covered_display": "100", "missing_lines": 0, "excluded_lines": 0, "percent_statements_covered": 100.0, "percent_statements_covered_display": "100", "num_branches": 0, "num_partial_branches": 0, "covered_branches": 0, "missing_branches": 0, "percent_branches_covered": 100.0, "percent_branches_covered_display": "100"}, "missing_lines": [], "excluded_lines": [], "start_line": 1, "executed_branches": [], "missing_branches": []}}, "classes": {"UploadDocumentDTO": {"executed_lines": [], "summary": {"covered_lines": 0, "num_statements": 0, "percent_covered": 100.0, "percent_covered_display": "100", "missing_lines": 0, "excluded_lines": 0, "percent_statements_covered": 100.0, "percent_statements_covered_display": "100", "num_branches": 0, "num_partial_branches": 0, "covered_branches": 0, "missing_branches": 0, "percent_branches_covered": 100.0, "percent_branches_covered_display": "100"}, "missing_lines": [], "excluded_lines": [], "start_line": 8, "executed_branches": [], "missing_branches": []}, "DocumentDTO": {"executed_lines": [], "summary": {"covered_lines": 0, "num_statements": 0, "percent_covered": 100.0, "percent_covered_display": "100", "missing_lines": 0, "excluded_lines": 0, "percent_statements_covered": 100.0, "percent_statements_covered_display": "100", "num_branches": 0, "num_partial_branches": 0, "covered_branches": 0, "missing_branches": 0, "percent_branches_covered": 100.0, "percent_branches_covered_display": "100"}, "missing_lines": [], "excluded_lines": [], "start_line": 15, "executed_branches": [], "missing_branches": []}, "DocumentListDTO": {"executed_lines": [], "summary": {"covered_lines": 0, "num_statements": 0, "percent_covered": 100.0, "percent_covered_display": "100", "missing_lines": 0, "excluded_lines": 0, "percent_statements_covered": 100.0, "percent_statements_covered_display": "100", "num_branches": 0, "num_partial_branches": 0, "covered_branches": 0, "missing_branches": 0, "percent_branches_covered": 100.0, "percent_branches_covered_display": "100"}, "missing_lines": [], "excluded_lines": [], "start_line": 27, "executed_branches": [], "missing_branches": []}, "": {"executed_lines": [1, 2, 3, 4, 7, 8, 9, 10, 11, 14, 15, 16, 17, 18, 19, 20, 21, 22, 23, 26, 27, 28, 29], "summary": {"covered_lines": 23, "num_statements": 23, "percent_covered": 100.0, "percent_covered_display": "100", "missing_lines": 0, "excluded_lines": 0, "percent_statements_covered": 100.0, "percent_statements_covered_display": "100", "num_branches": 0, "num_partial_branches": 0, "covered_branches": 0, "missing_branches": 0, "percent_branches_covered": 100.0, "percent_branches_covered_display": "100"}, "missing_lines": [], "excluded_lines": [], "start_line": 1, "executed_branches": [], "missing_branches": []}}}, "src/application/dto/quiz_dto.py": {"executed_lines": [1, 2, 3, 6, 7, 8, 9, 10, 11, 14, 15, 16, 17, 18, 19, 20, 23, 24, 25, 26, 27, 28, 29, 32, 33, 34, 35, 36, 37, 38, 39, 40, 43, 44, 45, 46, 47, 48, 49, 50, 53, 54, 55, 56, 57, 58, 59, 62, 63, 64, 65, 66, 67, 68, 69, 72, 73, 74, 75, 76, 79, 80, 81, 82, 83, 84, 85, 88, 89, 90, 91, 92, 93, 94, 95, 96, 97, 98, 99, 102, 103, 104, 105, 106, 107, 108, 111, 112, 113, 114, 115, 116, 117, 118, 119, 120, 121, 122], "summary": {"covered_lines": 98, "num_statements": 98, "percent_covered": 100.0, "percent_covered_display": "100", "missing_lines": 0, "excluded_lines": 0, "percent_statements_covered": 100.0, "percent_statements_covered_display": "100", "num_branches": 0, "num_partial_branches": 0, "covered_branches": 0, "missing_branches": 0, "percent_branches_covered": 100.0, "percent_branches_covered_display": "100"}, "missing_lines": [], "excluded_lines": [], "executed_branches": [], "missing_branches": [], "functions": {"": {"executed_lines": [1, 2, 3, 6, 7, 8, 9, 10, 11, 14, 15, 16, 17, 18, 19, 20, 23, 24, 25, 26, 27, 28, 29, 32, 33, 34, 35, 36, 37, 38, 39, 40, 43, 44, 45, 46, 47, 48, 49, 50, 53, 54, 55, 56, 57, 58, 59, 62, 63, 64, 65, 66, 67, 68, 69, 72, 73, 74, 75, 76, 79, 80, 81, 82, 83, 84, 85, 88, 89, 90, 91, 92, 93, 94, 95, 96, 97, 98, 99, 102, 103, 104, 105, 106, 107, 108, 111, 112, 113, 114, 115, 116, 117, 118, 119, 120, 121, 122], "summary": {"covered_lines": 98, "num_statements": 98, "percent_covered": 100.0, "percent_covered_display": "100", "missing_lines": 0, "excluded_lines": 0, "percent_statements_covered": 100.0, "percent_statements_covered_display": "100", "num_branches": 0, "num_partial_branches": 0, "covered_branches": 0, "missing_branches": 0, "percent_branches_covered": 100.0, "percent_branches_covered_display": "100"}, "missing_lines": [], "excluded_lines": [], "start_line": 1, "executed_branches": [], "missing_branches": []}}, "classes": {"QuizQuestionPublicDTO": {"executed_lines": [], "summary": {"covered_lines": 0, "num_statements": 0, "percent_covered": 100.0, "percent_covered_display": "100", "missing_lines": 0, "excluded_lines": 0, "percent_statements_covered": 100.0, "percent_statements_covered_display": "100", "num_branches": 0, "num_partial_branches": 0, "covered_branches": 0, "missing_branches": 0, "percent_branches_covered": 100.0, "percent_branches_covered_display": "100"}, "missing_lines": [], "excluded_lines": [], "start_line": 7, "executed_branches": [], "missing_branches": []}, "QuizPublicDTO": {"executed_lines": [], "summary": {"covered_lines": 0, "num_statements": 0, "percent_covered": 100.0, "percent_covered_display": "100", "missing_lines": 0, "excluded_lines": 0, "percent_statements_covered": 100.0, "percent_statements_covered_display": "100", "num_branches": 0, "num_partial_branches": 0, "covered_branches": 0, "missing_branches": 0, "percent_branches_covered": 100.0, "percent_branches_covered_display": "100"}, "missing_lines": [], "excluded_lines": [], "start_line": 15, "executed_branches": [], "missing_branches": []}, "AttemptQuestionResultDTO": {"executed_lines": [], "summary": {"covered_lines": 0, "num_statements": 0, "percent_covered": 100.0, "percent_covered_display": "100", "missing_lines": 0, "excluded_lines": 0, "percent_statements_covered": 100.0, "percent_statements_covered_display": "100", "num_branches": 0, "num_partial_branches": 0, "covered_branches": 0, "missing_branches": 0, "percent_branches_covered": 100.0, "percent_branches_covered_display": "100"}, "missing_lines": [], "excluded_lines": [], "start_line": 24, "executed_branches": [], "missing_branches": []}, "QuizAttemptResultDTO": {"executed_lines": [], "summary": {"covered_lines": 0, "num_statements": 0, "percent_covered": 100.0, "percent_covered_display": "100", "missing_lines": 0, "excluded_lines": 0, "percent_statements_covered": 100.0, "percent_statements_covered_display": "100", "num_branches": 0, "num_partial_branches": 0, "covered_branches": 0, "missing_branches": 0, "percent_branches_covered": 100.0, "percent_branches_covered_display": "100"}, "missing_lines": [], "excluded_lines": [], "start_line": 33, "executed_branches": [], "missing_branches": []}, "QuizAttemptSummaryDTO": {"executed_lines": [], "summary": {"covered_lines": 0, "num_statements": 0, "percent_covered": 100.0, "percent_covered_display": "100", "missing_lines": 0, "excluded_lines": 0, "percent_statements_covered": 100.0, "percent_statements_covered_display": "100", "num_branches": 0, "num_partial_branches": 0, "covered_branches": 0, "missing_branches": 0, "percent_branches_covered": 100.0, "percent_branches_covered_display": "100"}, "missing_lines": [], "excluded_lines": [], "start_line": 44, "executed_branches": [], "missing_branches": []}, "TutorInteractionSummaryDTO": {"executed_lines": [], "summary": {"covered_lines": 0, "num_statements": 0, "percent_covered": 100.0, "percent_covered_display": "100", "missing_lines": 0, "excluded_lines": 0, "percent_statements_covered": 100.0, "percent_statements_covered_display": "100", "num_branches": 0, "num_partial_branches": 0, "covered_branches": 0, "missing_branches": 0, "percent_branches_covered": 100.0, "percent_branches_covered_display": "100"}, "missing_lines": [], "excluded_lines": [], "start_line": 54, "executed_branches": [], "missing_branches": []}, "LearningRecommendationDTO": {"executed_lines": [], "summary": {"covered_lines": 0, "num_statements": 0, "percent_covered": 100.0, "percent_covered_display": "100", "missing_lines": 0, "excluded_lines": 0, "percent_statements_covered": 100.0, "percent_statements_covered_display": "100", "num_branches": 0, "num_partial_branches": 0, "covered_branches": 0, "missing_branches": 0, "percent_branches_covered": 100.0, "percent_branches_covered_display": "100"}, "missing_lines": [], "excluded_lines": [], "start_line": 63, "executed_branches": [], "missing_branches": []}, "LearningHistoryDTO": {"executed_lines": [], "summary": {"covered_lines": 0, "num_statements": 0, "percent_covered": 100.0, "percent_covered_display": "100", "missing_lines": 0, "excluded_lines": 0, "percent_statements_covered": 100.0, "percent_statements_covered_display": "100", "num_branches": 0, "num_partial_branches": 0, "covered_branches": 0, "missing_branches": 0, "percent_branches_covered": 100.0, "percent_branches_covered_display": "100"}, "missing_lines": [], "excluded_lines": [], "start_line": 73, "executed_branches": [], "missing_branches": []}, "DocumentMasteryDTO": {"executed_lines": [], "summary": {"covered_lines": 0, "num_statements": 0, "percent_covered": 100.0, "percent_covered_display": "100", "missing_lines": 0, "excluded_lines": 0, "percent_statements_covered": 100.0, "percent_statements_covered_display": "100", "num_branches": 0, "num_partial_branches": 0, "covered_branches": 0, "missing_branches": 0, "percent_branches_covered": 100.0, "percent_branches_covered_display": "100"}, "missing_lines": [], "excluded_lines": [], "start_line": 80, "executed_branches": [], "missing_branches": []}, "ConceptMasteryDTO": {"executed_lines": [], "summary": {"covered_lines": 0, "num_statements": 0, "percent_covered": 100.0, "percent_covered_display": "100", "missing_lines": 0, "excluded_lines": 0, "percent_statements_covered": 100.0, "percent_statements_covered_display": "100", "num_branches": 0, "num_partial_branches": 0, "covered_branches": 0, "missing_branches": 0, "percent_branches_covered": 100.0, "percent_branches_covered_display": "100"}, "missing_lines": [], "excluded_lines": [], "start_line": 89, "executed_branches": [], "missing_branches": []}, "PedagogicalMemoryDTO": {"executed_lines": [], "summary": {"covered_lines": 0, "num_statements": 0, "percent_covered": 100.0, "percent_covered_display": "100", "missing_lines": 0, "excluded_lines": 0, "percent_statements_covered": 100.0, "percent_statements_covered_display": "100", "num_branches": 0, "num_partial_branches": 0, "covered_branches": 0, "missing_branches": 0, "percent_branches_covered": 100.0, "percent_branches_covered_display": "100"}, "missing_lines": [], "excluded_lines": [], "start_line": 103, "executed_branches": [], "missing_branches": []}, "StudentProfileDTO": {"executed_lines": [], "summary": {"covered_lines": 0, "num_statements": 0, "percent_covered": 100.0, "percent_covered_display": "100", "missing_lines": 0, "excluded_lines": 0, "percent_statements_covered": 100.0, "percent_statements_covered_display": "100", "num_branches": 0, "num_partial_branches": 0, "covered_branches": 0, "missing_branches": 0, "percent_branches_covered": 100.0, "percent_branches_covered_display": "100"}, "missing_lines": [], "excluded_lines": [], "start_line": 112, "executed_branches": [], "missing_branches": []}, "": {"executed_lines": [1, 2, 3, 6, 7, 8, 9, 10, 11, 14, 15, 16, 17, 18, 19, 20, 23, 24, 25, 26, 27, 28, 29, 32, 33, 34, 35, 36, 37, 38, 39, 40, 43, 44, 45, 46, 47, 48, 49, 50, 53, 54, 55, 56, 57, 58, 59, 62, 63, 64, 65, 66, 67, 68, 69, 72, 73, 74, 75, 76, 79, 80, 81, 82, 83, 84, 85, 88, 89, 90, 91, 92, 93, 94, 95, 96, 97, 98, 99, 102, 103, 104, 105, 106, 107, 108, 111, 112, 113, 114, 115, 116, 117, 118, 119, 120, 121, 122], "summary": {"covered_lines": 98, "num_statements": 98, "percent_covered": 100.0, "percent_covered_display": "100", "missing_lines": 0, "excluded_lines": 0, "percent_statements_covered": 100.0, "percent_statements_covered_display": "100", "num_branches": 0, "num_partial_branches": 0, "covered_branches": 0, "missing_branches": 0, "percent_branches_covered": 100.0, "percent_branches_covered_display": "100"}, "missing_lines": [], "excluded_lines": [], "start_line": 1, "executed_branches": [], "missing_branches": []}}}, "src/application/dto/user_dto.py": {"executed_lines": [1, 2, 3, 6, 7, 8, 9, 10, 13, 14, 15, 16, 17, 18, 19, 20], "summary": {"covered_lines": 16, "num_statements": 16, "percent_covered": 100.0, "percent_covered_display": "100", "missing_lines": 0, "excluded_lines": 0, "percent_statements_covered": 100.0, "percent_statements_covered_display": "100", "num_branches": 0, "num_partial_branches": 0, "covered_branches": 0, "missing_branches": 0, "percent_branches_covered": 100.0, "percent_branches_covered_display": "100"}, "missing_lines": [], "excluded_lines": [], "executed_branches": [], "missing_branches": [], "functions": {"": {"executed_lines": [1, 2, 3, 6, 7, 8, 9, 10, 13, 14, 15, 16, 17, 18, 19, 20], "summary": {"covered_lines": 16, "num_statements": 16, "percent_covered": 100.0, "percent_covered_display": "100", "missing_lines": 0, "excluded_lines": 0, "percent_statements_covered": 100.0, "percent_statements_covered_display": "100", "num_branches": 0, "num_partial_branches": 0, "covered_branches": 0, "missing_branches": 0, "percent_branches_covered": 100.0, "percent_branches_covered_display": "100"}, "missing_lines": [], "excluded_lines": [], "start_line": 1, "executed_branches": [], "missing_branches": []}}, "classes": {"RegisterUserDTO": {"executed_lines": [], "summary": {"covered_lines": 0, "num_statements": 0, "percent_covered": 100.0, "percent_covered_display": "100", "missing_lines": 0, "excluded_lines": 0, "percent_statements_covered": 100.0, "percent_statements_covered_display": "100", "num_branches": 0, "num_partial_branches": 0, "covered_branches": 0, "missing_branches": 0, "percent_branches_covered": 100.0, "percent_branches_covered_display": "100"}, "missing_lines": [], "excluded_lines": [], "start_line": 7, "executed_branches": [], "missing_branches": []}, "UserDTO": {"executed_lines": [], "summary": {"covered_lines": 0, "num_statements": 0, "percent_covered": 100.0, "percent_covered_display": "100", "missing_lines": 0, "excluded_lines": 0, "percent_statements_covered": 100.0, "percent_statements_covered_display": "100", "num_branches": 0, "num_partial_branches": 0, "covered_branches": 0, "missing_branches": 0, "percent_branches_covered": 100.0, "percent_branches_covered_display": "100"}, "missing_lines": [], "excluded_lines": [], "start_line": 14, "executed_branches": [], "missing_branches": []}, "": {"executed_lines": [1, 2, 3, 6, 7, 8, 9, 10, 13, 14, 15, 16, 17, 18, 19, 20], "summary": {"covered_lines": 16, "num_statements": 16, "percent_covered": 100.0, "percent_covered_display": "100", "missing_lines": 0, "excluded_lines": 0, "percent_statements_covered": 100.0, "percent_statements_covered_display": "100", "num_branches": 0, "num_partial_branches": 0, "covered_branches": 0, "missing_branches": 0, "percent_branches_covered": 100.0, "percent_branches_covered_display": "100"}, "missing_lines": [], "excluded_lines": [], "start_line": 1, "executed_branches": [], "missing_branches": []}}}, "src/application/services/__init__.py": {"executed_lines": [], "summary": {"covered_lines": 0, "num_statements": 0, "percent_covered": 100.0, "percent_covered_display": "100", "missing_lines": 0, "excluded_lines": 0, "percent_statements_covered": 100.0, "percent_statements_covered_display": "100", "num_branches": 0, "num_partial_branches": 0, "covered_branches": 0, "missing_branches": 0, "percent_branches_covered": 100.0, "percent_branches_covered_display": "100"}, "missing_lines": [], "excluded_lines": [], "executed_branches": [], "missing_branches": [], "functions": {"": {"executed_lines": [], "summary": {"covered_lines": 0, "num_statements": 0, "percent_covered": 100.0, "percent_covered_display": "100", "missing_lines": 0, "excluded_lines": 0, "percent_statements_covered": 100.0, "percent_statements_covered_display": "100", "num_branches": 0, "num_partial_branches": 0, "covered_branches": 0, "missing_branches": 0, "percent_branches_covered": 100.0, "percent_branches_covered_display": "100"}, "missing_lines": [], "excluded_lines": [], "start_line": 1, "executed_branches": [], "missing_branches": []}}, "classes": {"": {"executed_lines": [], "summary": {"covered_lines": 0, "num_statements": 0, "percent_covered": 100.0, "percent_covered_display": "100", "missing_lines": 0, "excluded_lines": 0, "percent_statements_covered": 100.0, "percent_statements_covered_display": "100", "num_branches": 0, "num_partial_branches": 0, "covered_branches": 0, "missing_branches": 0, "percent_branches_covered": 100.0, "percent_branches_covered_display": "100"}, "missing_lines": [], "excluded_lines": [], "start_line": 1, "executed_branches": [], "missing_branches": []}}}, "src/application/services/analyze_document_service.py": {"executed_lines": [1, 2, 3, 4, 6, 7, 8, 9, 10, 11, 12, 13, 19, 20, 21, 22, 23, 27, 28, 30, 33, 34, 36, 48, 49, 50, 51, 52, 53, 54, 55, 56, 57, 58, 60, 66, 68, 69, 70, 72, 73, 75, 76, 77, 78, 79, 80, 81, 82, 83, 85, 86, 87, 88, 89, 90, 93, 94, 95, 96, 97, 98, 99, 100, 102, 103, 111, 112, 114, 115, 116, 117, 119, 121, 124, 125, 127, 128, 130, 131, 132, 133, 134, 135, 136, 138, 139, 140, 147, 148, 149, 152, 153, 155, 156, 157, 158, 166, 168, 169, 170, 177, 180, 182, 184, 185, 188, 189, 190, 191, 192, 193, 194, 196, 198, 204, 206, 207, 208, 209, 225, 226, 231, 232, 236, 238, 239, 240, 241, 242, 244, 245, 247, 250, 251, 252, 253, 254, 255], "summary": {"covered_lines": 139, "num_statements": 142, "percent_covered": 95.0, "percent_covered_display": "95", "missing_lines": 3, "excluded_lines": 0, "percent_statements_covered": 97.88732394366197, "percent_statements_covered_display": "98", "num_branches": 58, "num_partial_branches": 7, "covered_branches": 51, "missing_branches": 7, "percent_branches_covered": 87.93103448275862, "percent_branches_covered_display": "88"}, "missing_lines": [109, 126, 243], "excluded_lines": [], "executed_branches": [[68, 69], [68, 72], [69, 70], [69, 72], [72, 73], [72, 75], [75, 76], [75, 77], [77, 78], [77, 79], [82, 83], [82, 85], [88, 89], [88, 90], [96, 97], [97, 98], [97, 99], [103, 111], [114, 115], [114, 117], [115, 116], [115, 117], [125, 127], [127, 128], [127, 130], [133, 134], [133, 147], [135, 136], [138, 139], [138, 147], [148, 149], [148, 155], [152, 153], [156, 157], [156, 158], [169, 170], [169, 177], [182, 184], [182, 198], [188, 189], [206, 207], [206, 236], [231, 232], [231, 236], [239, 240], [239, 241], [242, 244], [251, 252], [251, 253], [253, 254], [253, 255]], "missing_branches": [[96, 100], [103, 109], [125, 126], [135, 138], [152, 155], [188, 190], [242, 243]], "functions": {"AnalyzeDocumentService.__init__": {"executed_lines": [48, 49, 50, 51, 52, 53, 54, 55, 56, 57, 58], "summary": {"covered_lines": 11, "num_statements": 11, "percent_covered": 100.0, "percent_covered_display": "100", "missing_lines": 0, "excluded_lines": 0, "percent_statements_covered": 100.0, "percent_statements_covered_display": "100", "num_branches": 0, "num_partial_branches": 0, "covered_branches": 0, "missing_branches": 0, "percent_branches_covered": 100.0, "percent_branches_covered_display": "100"}, "missing_lines": [], "excluded_lines": [], "start_line": 36, "executed_branches": [], "missing_branches": []}, "AnalyzeDocumentService.execute": {"executed_lines": [66, 68, 69, 70, 72, 73, 75, 76, 77, 78, 79, 80, 81, 82, 83, 85, 86, 87, 88, 89, 90, 93, 94, 95, 96, 97, 98, 99, 100, 102, 103, 111, 112, 114, 115, 116, 117, 119], "summary": {"covered_lines": 38, "num_statements": 39, "percent_covered": 95.23809523809524, "percent_covered_display": "95", "missing_lines": 1, "excluded_lines": 0, "percent_statements_covered": 97.43589743589743, "percent_statements_covered_display": "97", "num_branches": 24, "num_partial_branches": 2, "covered_branches": 22, "missing_branches": 2, "percent_branches_covered": 91.66666666666667, "percent_branches_covered_display": "92"}, "missing_lines": [109], "excluded_lines": [], "start_line": 60, "executed_branches": [[68, 69], [68, 72], [69, 70], [69, 72], [72, 73], [72, 75], [75, 76], [75, 77], [77, 78], [77, 79], [82, 83], [82, 85], [88, 89], [88, 90], [96, 97], [97, 98], [97, 99], [103, 111], [114, 115], [114, 117], [115, 116], [115, 117]], "missing_branches": [[96, 100], [103, 109]]}, "AnalyzeDocumentService.answer_question": {"executed_lines": [124, 125, 127, 128, 130, 131, 132, 133, 134, 135, 136, 138, 139, 140, 147, 148, 149, 152, 153, 155, 156, 157, 158, 166, 168, 169, 170, 177, 180, 182, 184, 196, 198, 204, 206, 207, 208, 209, 225, 226, 231, 232, 236], "summary": {"covered_lines": 43, "num_statements": 44, "percent_covered": 94.11764705882354, "percent_covered_display": "94", "missing_lines": 1, "excluded_lines": 0, "percent_statements_covered": 97.72727272727273, "percent_statements_covered_display": "98", "num_branches": 24, "num_partial_branches": 3, "covered_branches": 21, "missing_branches": 3, "percent_branches_covered": 87.5, "percent_branches_covered_display": "88"}, "missing_lines": [126], "excluded_lines": [], "start_line": 121, "executed_branches": [[125, 127], [127, 128], [127, 130], [133, 134], [133, 147], [135, 136], [138, 139], [138, 147], [148, 149], [148, 155], [152, 153], [156, 157], [156, 158], [169, 170], [169, 177], [182, 184], [182, 198], [206, 207], [206, 236], [231, 232], [231, 236]], "missing_branches": [[125, 126], [135, 138], [152, 155]]}, "AnalyzeDocumentService.answer_question._persist_session": {"executed_lines": [185, 188, 189, 190, 191, 192, 193, 194], "summary": {"covered_lines": 8, "num_statements": 8, "percent_covered": 90.0, "percent_covered_display": "90", "missing_lines": 0, "excluded_lines": 0, "percent_statements_covered": 100.0, "percent_statements_covered_display": "100", "num_branches": 2, "num_partial_branches": 1, "covered_branches": 1, "missing_branches": 1, "percent_branches_covered": 50.0, "percent_branches_covered_display": "50"}, "missing_lines": [], "excluded_lines": [], "start_line": 184, "executed_branches": [[188, 189]], "missing_branches": [[188, 190]]}, "AnalyzeDocumentService._hydrate_content": {"executed_lines": [239, 240, 241, 242, 244, 245], "summary": {"covered_lines": 6, "num_statements": 7, "percent_covered": 81.81818181818181, "percent_covered_display": "82", "missing_lines": 1, "excluded_lines": 0, "percent_statements_covered": 85.71428571428571, "percent_statements_covered_display": "86", "num_branches": 4, "num_partial_branches": 1, "covered_branches": 3, "missing_branches": 1, "percent_branches_covered": 75.0, "percent_branches_covered_display": "75"}, "missing_lines": [243], "excluded_lines": [], "start_line": 238, "executed_branches": [[239, 240], [239, 241], [242, 244]], "missing_branches": [[242, 243]]}, "AnalyzeDocumentService._get_document_if_owner": {"executed_lines": [250, 251, 252, 253, 254, 255], "summary": {"covered_lines": 6, "num_statements": 6, "percent_covered": 100.0, "percent_covered_display": "100", "missing_lines": 0, "excluded_lines": 0, "percent_statements_covered": 100.0, "percent_statements_covered_display": "100", "num_branches": 4, "num_partial_branches": 0, "covered_branches": 4, "missing_branches": 0, "percent_branches_covered": 100.0, "percent_branches_covered_display": "100"}, "missing_lines": [], "excluded_lines": [], "start_line": 247, "executed_branches": [[251, 252], [251, 253], [253, 254], [253, 255]], "missing_branches": []}, "": {"executed_lines": [1, 2, 3, 4, 6, 7, 8, 9, 10, 11, 12, 13, 19, 20, 21, 22, 23, 27, 28, 30, 33, 34, 36, 60, 121, 238, 247], "summary": {"covered_lines": 27, "num_statements": 27, "percent_covered": 100.0, "percent_covered_display": "100", "missing_lines": 0, "excluded_lines": 0, "percent_statements_covered": 100.0, "percent_statements_covered_display": "100", "num_branches": 0, "num_partial_branches": 0, "covered_branches": 0, "missing_branches": 0, "percent_branches_covered": 100.0, "percent_branches_covered_display": "100"}, "missing_lines": [], "excluded_lines": [], "start_line": 1, "executed_branches": [], "missing_branches": []}}, "classes": {"AnalyzeDocumentService": {"executed_lines": [48, 49, 50, 51, 52, 53, 54, 55, 56, 57, 58, 66, 68, 69, 70, 72, 73, 75, 76, 77, 78, 79, 80, 81, 82, 83, 85, 86, 87, 88, 89, 90, 93, 94, 95, 96, 97, 98, 99, 100, 102, 103, 111, 112, 114, 115, 116, 117, 119, 124, 125, 127, 128, 130, 131, 132, 133, 134, 135, 136, 138, 139, 140, 147, 148, 149, 152, 153, 155, 156, 157, 158, 166, 168, 169, 170, 177, 180, 182, 184, 185, 188, 189, 190, 191, 192, 193, 194, 196, 198, 204, 206, 207, 208, 209, 225, 226, 231, 232, 236, 239, 240, 241, 242, 244, 245, 250, 251, 252, 253, 254, 255], "summary": {"covered_lines": 112, "num_statements": 115, "percent_covered": 94.21965317919076, "percent_covered_display": "94", "missing_lines": 3, "excluded_lines": 0, "percent_statements_covered": 97.3913043478261, "percent_statements_covered_display": "97", "num_branches": 58, "num_partial_branches": 7, "covered_branches": 51, "missing_branches": 7, "percent_branches_covered": 87.93103448275862, "percent_branches_covered_display": "88"}, "missing_lines": [109, 126, 243], "excluded_lines": [], "start_line": 33, "executed_branches": [[68, 69], [68, 72], [69, 70], [69, 72], [72, 73], [72, 75], [75, 76], [75, 77], [77, 78], [77, 79], [82, 83], [82, 85], [88, 89], [88, 90], [96, 97], [97, 98], [97, 99], [103, 111], [114, 115], [114, 117], [115, 116], [115, 117], [125, 127], [127, 128], [127, 130], [133, 134], [133, 147], [135, 136], [138, 139], [138, 147], [148, 149], [148, 155], [152, 153], [156, 157], [156, 158], [169, 170], [169, 177], [182, 184], [182, 198], [188, 189], [206, 207], [206, 236], [231, 232], [231, 236], [239, 240], [239, 241], [242, 244], [251, 252], [251, 253], [253, 254], [253, 255]], "missing_branches": [[96, 100], [103, 109], [125, 126], [135, 138], [152, 155], [188, 190], [242, 243]]}, "": {"executed_lines": [1, 2, 3, 4, 6, 7, 8, 9, 10, 11, 12, 13, 19, 20, 21, 22, 23, 27, 28, 30, 33, 34, 36, 60, 121, 238, 247], "summary": {"covered_lines": 27, "num_statements": 27, "percent_covered": 100.0, "percent_covered_display": "100", "missing_lines": 0, "excluded_lines": 0, "percent_statements_covered": 100.0, "percent_statements_covered_display": "100", "num_branches": 0, "num_partial_branches": 0, "covered_branches": 0, "missing_branches": 0, "percent_branches_covered": 100.0, "percent_branches_covered_display": "100"}, "missing_lines": [], "excluded_lines": [], "start_line": 1, "executed_branches": [], "missing_branches": []}}}, "src/application/services/document_service.py": {"executed_lines": [1, 2, 4, 5, 6, 7, 8, 9, 19, 22, 26, 27, 39, 40, 41, 42, 43, 44, 45, 46, 47, 49, 50, 51, 52, 57, 58, 59, 67, 75, 76, 77, 78, 79, 82, 90, 99, 101, 102, 103, 109, 116, 118, 119, 120, 121, 123, 125, 126, 127, 128, 129, 130, 131, 133, 134, 135, 140, 141, 142, 144, 145, 147, 148, 149, 150, 151, 152, 153, 155, 156, 157, 158, 159, 160, 161, 163, 164, 165, 167, 169, 170], "summary": {"covered_lines": 82, "num_statements": 83, "percent_covered": 97.29729729729729, "percent_covered_display": "97", "missing_lines": 1, "excluded_lines": 0, "percent_statements_covered": 98.79518072289157, "percent_statements_covered_display": "99", "num_branches": 28, "num_partial_branches": 2, "covered_branches": 26, "missing_branches": 2, "percent_branches_covered": 92.85714285714286, "percent_branches_covered_display": "93"}, "missing_lines": [143], "excluded_lines": [], "executed_branches": [[51, -49], [51, 52], [102, 103], [118, 119], [118, 121], [119, 120], [119, 121], [127, 128], [127, 129], [129, 130], [129, 131], [142, 144], [144, 145], [144, 147], [147, 148], [147, 149], [149, 150], [149, 151], [151, 152], [151, 153], [153, 155], [153, 164], [157, 158], [157, 159], [164, 165], [164, 167]], "missing_branches": [[102, 109], [142, 143]], "functions": {"DocumentService.__init__": {"executed_lines": [39, 40, 41, 42, 43, 44, 45, 46, 47], "summary": {"covered_lines": 9, "num_statements": 9, "percent_covered": 100.0, "percent_covered_display": "100", "missing_lines": 0, "excluded_lines": 0, "percent_statements_covered": 100.0, "percent_statements_covered_display": "100", "num_branches": 0, "num_partial_branches": 0, "covered_branches": 0, "missing_branches": 0, "percent_branches_covered": 100.0, "percent_branches_covered_display": "100"}, "missing_lines": [], "excluded_lines": [], "start_line": 27, "executed_branches": [], "missing_branches": []}, "DocumentService._assert_size": {"executed_lines": [50, 51, 52], "summary": {"covered_lines": 3, "num_statements": 3, "percent_covered": 100.0, "percent_covered_display": "100", "missing_lines": 0, "excluded_lines": 0, "percent_statements_covered": 100.0, "percent_statements_covered_display": "100", "num_branches": 2, "num_partial_branches": 0, "covered_branches": 2, "missing_branches": 0, "percent_branches_covered": 100.0, "percent_branches_covered_display": "100"}, "missing_lines": [], "excluded_lines": [], "start_line": 49, "executed_branches": [[51, -49], [51, 52]], "missing_branches": []}, "DocumentService.upload": {"executed_lines": [58, 59], "summary": {"covered_lines": 2, "num_statements": 2, "percent_covered": 100.0, "percent_covered_display": "100", "missing_lines": 0, "excluded_lines": 0, "percent_statements_covered": 100.0, "percent_statements_covered_display": "100", "num_branches": 0, "num_partial_branches": 0, "covered_branches": 0, "missing_branches": 0, "percent_branches_covered": 100.0, "percent_branches_covered_display": "100"}, "missing_lines": [], "excluded_lines": [], "start_line": 57, "executed_branches": [], "missing_branches": []}, "DocumentService.upload_bytes": {"executed_lines": [75, 76, 77, 78, 79, 82], "summary": {"covered_lines": 6, "num_statements": 6, "percent_covered": 100.0, "percent_covered_display": "100", "missing_lines": 0, "excluded_lines": 0, "percent_statements_covered": 100.0, "percent_statements_covered_display": "100", "num_branches": 0, "num_partial_branches": 0, "covered_branches": 0, "missing_branches": 0, "percent_branches_covered": 100.0, "percent_branches_covered_display": "100"}, "missing_lines": [], "excluded_lines": [], "start_line": 67, "executed_branches": [], "missing_branches": []}, "DocumentService._persist_upload": {"executed_lines": [99, 101, 102, 103, 109, 116, 118, 119, 120, 121, 123], "summary": {"covered_lines": 11, "num_statements": 11, "percent_covered": 94.11764705882354, "percent_covered_display": "94", "missing_lines": 0, "excluded_lines": 0, "percent_statements_covered": 100.0, "percent_statements_covered_display": "100", "num_branches": 6, "num_partial_branches": 1, "covered_branches": 5, "missing_branches": 1, "percent_branches_covered": 83.33333333333333, "percent_branches_covered_display": "83"}, "missing_lines": [], "excluded_lines": [], "start_line": 90, "executed_branches": [[102, 103], [118, 119], [118, 121], [119, 120], [119, 121]], "missing_branches": [[102, 109]]}, "DocumentService.get_by_id": {"executed_lines": [126, 127, 128, 129, 130, 131], "summary": {"covered_lines": 6, "num_statements": 6, "percent_covered": 100.0, "percent_covered_display": "100", "missing_lines": 0, "excluded_lines": 0, "percent_statements_covered": 100.0, "percent_statements_covered_display": "100", "num_branches": 4, "num_partial_branches": 0, "covered_branches": 4, "missing_branches": 0, "percent_branches_covered": 100.0, "percent_branches_covered_display": "100"}, "missing_lines": [], "excluded_lines": [], "start_line": 125, "executed_branches": [[127, 128], [127, 129], [129, 130], [129, 131]], "missing_branches": []}, "DocumentService.list_by_owner": {"executed_lines": [134, 135], "summary": {"covered_lines": 2, "num_statements": 2, "percent_covered": 100.0, "percent_covered_display": "100", "missing_lines": 0, "excluded_lines": 0, "percent_statements_covered": 100.0, "percent_statements_covered_display": "100", "num_branches": 0, "num_partial_branches": 0, "covered_branches": 0, "missing_branches": 0, "percent_branches_covered": 100.0, "percent_branches_covered_display": "100"}, "missing_lines": [], "excluded_lines": [], "start_line": 133, "executed_branches": [], "missing_branches": []}, "DocumentService.delete": {"executed_lines": [141, 142, 144, 145, 147, 148, 149, 150, 151, 152, 153, 155, 163, 164, 165, 167], "summary": {"covered_lines": 16, "num_statements": 17, "percent_covered": 93.54838709677419, "percent_covered_display": "94", "missing_lines": 1, "excluded_lines": 0, "percent_statements_covered": 94.11764705882354, "percent_statements_covered_display": "94", "num_branches": 14, "num_partial_branches": 1, "covered_branches": 13, "missing_branches": 1, "percent_branches_covered": 92.85714285714286, "percent_branches_covered_display": "93"}, "missing_lines": [143], "excluded_lines": [], "start_line": 140, "executed_branches": [[142, 144], [144, 145], [144, 147], [147, 148], [147, 149], [149, 150], [149, 151], [151, 152], [151, 153], [153, 155], [153, 164], [164, 165], [164, 167]], "missing_branches": [[142, 143]]}, "DocumentService.delete._clear_profile": {"executed_lines": [156, 157, 158, 159, 160, 161], "summary": {"covered_lines": 6, "num_statements": 6, "percent_covered": 100.0, "percent_covered_display": "100", "missing_lines": 0, "excluded_lines": 0, "percent_statements_covered": 100.0, "percent_statements_covered_display": "100", "num_branches": 2, "num_partial_branches": 0, "covered_branches": 2, "missing_branches": 0, "percent_branches_covered": 100.0, "percent_branches_covered_display": "100"}, "missing_lines": [], "excluded_lines": [], "start_line": 155, "executed_branches": [[157, 158], [157, 159]], "missing_branches": []}, "DocumentService._to_dto": {"executed_lines": [170], "summary": {"covered_lines": 1, "num_statements": 1, "percent_covered": 100.0, "percent_covered_display": "100", "missing_lines": 0, "excluded_lines": 0, "percent_statements_covered": 100.0, "percent_statements_covered_display": "100", "num_branches": 0, "num_partial_branches": 0, "covered_branches": 0, "missing_branches": 0, "percent_branches_covered": 100.0, "percent_branches_covered_display": "100"}, "missing_lines": [], "excluded_lines": [], "start_line": 169, "executed_branches": [], "missing_branches": []}, "": {"executed_lines": [1, 2, 4, 5, 6, 7, 8, 9, 19, 22, 26, 27, 49, 57, 67, 90, 125, 133, 140, 169], "summary": {"covered_lines": 20, "num_statements": 20, "percent_covered": 100.0, "percent_covered_display": "100", "missing_lines": 0, "excluded_lines": 0, "percent_statements_covered": 100.0, "percent_statements_covered_display": "100", "num_branches": 0, "num_partial_branches": 0, "covered_branches": 0, "missing_branches": 0, "percent_branches_covered": 100.0, "percent_branches_covered_display": "100"}, "missing_lines": [], "excluded_lines": [], "start_line": 1, "executed_branches": [], "missing_branches": []}}, "classes": {"DocumentTooLargeError": {"executed_lines": [], "summary": {"covered_lines": 0, "num_statements": 0, "percent_covered": 100.0, "percent_covered_display": "100", "missing_lines": 0, "excluded_lines": 0, "percent_statements_covered": 100.0, "percent_statements_covered_display": "100", "num_branches": 0, "num_partial_branches": 0, "covered_branches": 0, "missing_branches": 0, "percent_branches_covered": 100.0, "percent_branches_covered_display": "100"}, "missing_lines": [], "excluded_lines": [], "start_line": 22, "executed_branches": [], "missing_branches": []}, "DocumentService": {"executed_lines": [39, 40, 41, 42, 43, 44, 45, 46, 47, 50, 51, 52, 58, 59, 75, 76, 77, 78, 79, 82, 99, 101, 102, 103, 109, 116, 118, 119, 120, 121, 123, 126, 127, 128, 129, 130, 131, 134, 135, 141, 142, 144, 145, 147, 148, 149, 150, 151, 152, 153, 155, 156, 157, 158, 159, 160, 161, 163, 164, 165, 167, 170], "summary": {"covered_lines": 62, "num_statements": 63, "percent_covered": 96.7032967032967, "percent_covered_display": "97", "missing_lines": 1, "excluded_lines": 0, "percent_statements_covered": 98.41269841269842, "percent_statements_covered_display": "98", "num_branches": 28, "num_partial_branches": 2, "covered_branches": 26, "missing_branches": 2, "percent_branches_covered": 92.85714285714286, "percent_branches_covered_display": "93"}, "missing_lines": [143], "excluded_lines": [], "start_line": 26, "executed_branches": [[51, -49], [51, 52], [102, 103], [118, 119], [118, 121], [119, 120], [119, 121], [127, 128], [127, 129], [129, 130], [129, 131], [142, 144], [144, 145], [144, 147], [147, 148], [147, 149], [149, 150], [149, 151], [151, 152], [151, 153], [153, 155], [153, 164], [157, 158], [157, 159], [164, 165], [164, 167]], "missing_branches": [[102, 109], [142, 143]]}, "": {"executed_lines": [1, 2, 4, 5, 6, 7, 8, 9, 19, 22, 26, 27, 49, 57, 67, 90, 125, 133, 140, 169], "summary": {"covered_lines": 20, "num_statements": 20, "percent_covered": 100.0, "percent_covered_display": "100", "missing_lines": 0, "excluded_lines": 0, "percent_statements_covered": 100.0, "percent_statements_covered_display": "100", "num_branches": 0, "num_partial_branches": 0, "covered_branches": 0, "missing_branches": 0, "percent_branches_covered": 100.0, "percent_branches_covered_display": "100"}, "missing_lines": [], "excluded_lines": [], "start_line": 1, "executed_branches": [], "missing_branches": []}}}, "src/application/services/learning_evidence_projector.py": {"executed_lines": [1, 2, 3, 4, 5, 6, 7, 13, 14, 15, 17, 20, 23, 32, 33, 34, 35, 36, 37, 38, 40, 41, 42, 44, 46, 47, 49, 53, 54, 69, 70, 71, 72, 73, 74, 75, 76, 83, 84, 89, 90, 91, 92, 93, 94, 95, 96, 97, 98, 102, 104, 105, 106, 107, 108, 110, 112, 113, 114, 115, 116, 118, 124, 126, 127, 129, 130, 131, 133, 134, 135, 136, 137, 138, 139, 144, 145, 146, 147, 148, 149, 151, 152, 154, 155, 156, 157, 158, 164, 165, 166, 167, 168, 169, 170, 171, 172, 173, 174, 180, 182], "summary": {"covered_lines": 101, "num_statements": 113, "percent_covered": 86.79245283018868, "percent_covered_display": "87", "missing_lines": 12, "excluded_lines": 0, "percent_statements_covered": 89.38053097345133, "percent_statements_covered_display": "89", "num_branches": 46, "num_partial_branches": 5, "covered_branches": 37, "missing_branches": 9, "percent_branches_covered": 80.43478260869566, "percent_branches_covered_display": "80"}, "missing_lines": [56, 57, 58, 59, 60, 61, 62, 63, 64, 66, 67, 103], "excluded_lines": [], "executed_branches": [[46, 47], [46, 49], [54, 69], [71, 72], [71, 73], [73, 74], [73, 75], [75, 76], [75, 83], [83, 84], [89, 90], [89, 91], [91, 92], [91, 93], [95, 96], [95, 108], [97, 98], [102, 104], [113, 114], [113, 118], [115, 116], [115, 118], [126, 127], [126, 129], [133, 134], [133, 151], [136, 137], [137, 138], [137, 151], [146, 137], [146, 147], [148, 146], [148, 149], [156, 157], [156, 158], [166, 167], [166, 174]], "missing_branches": [[54, 56], [58, 59], [58, 60], [60, 61], [60, 62], [83, 89], [97, 102], [102, 103], [136, 151]], "functions": {"LearningEvidenceProjector.__init__": {"executed_lines": [32, 33, 34, 35, 36, 37, 38], "summary": {"covered_lines": 7, "num_statements": 7, "percent_covered": 100.0, "percent_covered_display": "100", "missing_lines": 0, "excluded_lines": 0, "percent_statements_covered": 100.0, "percent_statements_covered_display": "100", "num_branches": 0, "num_partial_branches": 0, "covered_branches": 0, "missing_branches": 0, "percent_branches_covered": 100.0, "percent_branches_covered_display": "100"}, "missing_lines": [], "excluded_lines": [], "start_line": 23, "executed_branches": [], "missing_branches": []}, "LearningEvidenceProjector.register": {"executed_lines": [41, 42], "summary": {"covered_lines": 2, "num_statements": 2, "percent_covered": 100.0, "percent_covered_display": "100", "missing_lines": 0, "excluded_lines": 0, "percent_statements_covered": 100.0, "percent_statements_covered_display": "100", "num_branches": 0, "num_partial_branches": 0, "covered_branches": 0, "missing_branches": 0, "percent_branches_covered": 100.0, "percent_branches_covered_display": "100"}, "missing_lines": [], "excluded_lines": [], "start_line": 40, "executed_branches": [], "missing_branches": []}, "LearningEvidenceProjector.handle_tutor_question": {"executed_lines": [46, 47, 49, 53, 54, 69, 110], "summary": {"covered_lines": 7, "num_statements": 10, "percent_covered": 71.42857142857143, "percent_covered_display": "71", "missing_lines": 3, "excluded_lines": 0, "percent_statements_covered": 70.0, "percent_statements_covered_display": "70", "num_branches": 4, "num_partial_branches": 1, "covered_branches": 3, "missing_branches": 1, "percent_branches_covered": 75.0, "percent_branches_covered_display": "75"}, "missing_lines": [56, 66, 67], "excluded_lines": [], "start_line": 44, "executed_branches": [[46, 47], [46, 49], [54, 69]], "missing_branches": [[54, 56]]}, "LearningEvidenceProjector.handle_tutor_question._mark_empty": {"executed_lines": [], "summary": {"covered_lines": 0, "num_statements": 8, "percent_covered": 0.0, "percent_covered_display": "0", "missing_lines": 8, "excluded_lines": 0, "percent_statements_covered": 0.0, "percent_statements_covered_display": "0", "num_branches": 4, "num_partial_branches": 0, "covered_branches": 0, "missing_branches": 4, "percent_branches_covered": 0.0, "percent_branches_covered_display": "0"}, "missing_lines": [57, 58, 59, 60, 61, 62, 63, 64], "excluded_lines": [], "start_line": 56, "executed_branches": [], "missing_branches": [[58, 59], [58, 60], [60, 61], [60, 62]]}, "LearningEvidenceProjector.handle_tutor_question._persist_profile": {"executed_lines": [70, 71, 72, 73, 74, 75, 76, 83, 84, 89, 90, 91, 92, 93, 94, 95, 96, 97, 98, 102, 104, 105, 106, 107, 108], "summary": {"covered_lines": 25, "num_statements": 26, "percent_covered": 90.9090909090909, "percent_covered_display": "91", "missing_lines": 1, "excluded_lines": 0, "percent_statements_covered": 96.15384615384616, "percent_statements_covered_display": "96", "num_branches": 18, "num_partial_branches": 3, "covered_branches": 15, "missing_branches": 3, "percent_branches_covered": 83.33333333333333, "percent_branches_covered_display": "83"}, "missing_lines": [103], "excluded_lines": [], "start_line": 69, "executed_branches": [[71, 72], [71, 73], [73, 74], [73, 75], [75, 76], [75, 83], [83, 84], [89, 90], [89, 91], [91, 92], [91, 93], [95, 96], [95, 108], [97, 98], [102, 104]], "missing_branches": [[83, 89], [97, 102], [102, 103]]}, "LearningEvidenceProjector.handle_quiz_attempt": {"executed_lines": [113, 114, 115, 116, 118, 124, 126, 127, 129, 130, 131, 133, 134, 135, 136, 137, 138, 139, 144, 145, 146, 147, 148, 149, 151, 152, 154, 182], "summary": {"covered_lines": 28, "num_statements": 28, "percent_covered": 97.72727272727273, "percent_covered_display": "98", "missing_lines": 0, "excluded_lines": 0, "percent_statements_covered": 100.0, "percent_statements_covered_display": "100", "num_branches": 16, "num_partial_branches": 1, "covered_branches": 15, "missing_branches": 1, "percent_branches_covered": 93.75, "percent_branches_covered_display": "94"}, "missing_lines": [], "excluded_lines": [], "start_line": 112, "executed_branches": [[113, 114], [113, 118], [115, 116], [115, 118], [126, 127], [126, 129], [133, 134], [133, 151], [136, 137], [137, 138], [137, 151], [146, 137], [146, 147], [148, 146], [148, 149]], "missing_branches": [[136, 151]]}, "LearningEvidenceProjector.handle_quiz_attempt._persist_profile": {"executed_lines": [155, 156, 157, 158, 164, 165, 166, 167, 168, 169, 170, 171, 172, 173, 174, 180], "summary": {"covered_lines": 16, "num_statements": 16, "percent_covered": 100.0, "percent_covered_display": "100", "missing_lines": 0, "excluded_lines": 0, "percent_statements_covered": 100.0, "percent_statements_covered_display": "100", "num_branches": 4, "num_partial_branches": 0, "covered_branches": 4, "missing_branches": 0, "percent_branches_covered": 100.0, "percent_branches_covered_display": "100"}, "missing_lines": [], "excluded_lines": [], "start_line": 154, "executed_branches": [[156, 157], [156, 158], [166, 167], [166, 174]], "missing_branches": []}, "": {"executed_lines": [1, 2, 3, 4, 5, 6, 7, 13, 14, 15, 17, 20, 23, 40, 44, 112], "summary": {"covered_lines": 16, "num_statements": 16, "percent_covered": 100.0, "percent_covered_display": "100", "missing_lines": 0, "excluded_lines": 0, "percent_statements_covered": 100.0, "percent_statements_covered_display": "100", "num_branches": 0, "num_partial_branches": 0, "covered_branches": 0, "missing_branches": 0, "percent_branches_covered": 100.0, "percent_branches_covered_display": "100"}, "missing_lines": [], "excluded_lines": [], "start_line": 1, "executed_branches": [], "missing_branches": []}}, "classes": {"LearningEvidenceProjector": {"executed_lines": [32, 33, 34, 35, 36, 37, 38, 41, 42, 46, 47, 49, 53, 54, 69, 70, 71, 72, 73, 74, 75, 76, 83, 84, 89, 90, 91, 92, 93, 94, 95, 96, 97, 98, 102, 104, 105, 106, 107, 108, 110, 113, 114, 115, 116, 118, 124, 126, 127, 129, 130, 131, 133, 134, 135, 136, 137, 138, 139, 144, 145, 146, 147, 148, 149, 151, 152, 154, 155, 156, 157, 158, 164, 165, 166, 167, 168, 169, 170, 171, 172, 173, 174, 180, 182], "summary": {"covered_lines": 85, "num_statements": 97, "percent_covered": 85.31468531468532, "percent_covered_display": "85", "missing_lines": 12, "excluded_lines": 0, "percent_statements_covered": 87.62886597938144, "percent_statements_covered_display": "88", "num_branches": 46, "num_partial_branches": 5, "covered_branches": 37, "missing_branches": 9, "percent_branches_covered": 80.43478260869566, "percent_branches_covered_display": "80"}, "missing_lines": [56, 57, 58, 59, 60, 61, 62, 63, 64, 66, 67, 103], "excluded_lines": [], "start_line": 20, "executed_branches": [[46, 47], [46, 49], [54, 69], [71, 72], [71, 73], [73, 74], [73, 75], [75, 76], [75, 83], [83, 84], [89, 90], [89, 91], [91, 92], [91, 93], [95, 96], [95, 108], [97, 98], [102, 104], [113, 114], [113, 118], [115, 116], [115, 118], [126, 127], [126, 129], [133, 134], [133, 151], [136, 137], [137, 138], [137, 151], [146, 137], [146, 147], [148, 146], [148, 149], [156, 157], [156, 158], [166, 167], [166, 174]], "missing_branches": [[54, 56], [58, 59], [58, 60], [60, 61], [60, 62], [83, 89], [97, 102], [102, 103], [136, 151]]}, "": {"executed_lines": [1, 2, 3, 4, 5, 6, 7, 13, 14, 15, 17, 20, 23, 40, 44, 112], "summary": {"covered_lines": 16, "num_statements": 16, "percent_covered": 100.0, "percent_covered_display": "100", "missing_lines": 0, "excluded_lines": 0, "percent_statements_covered": 100.0, "percent_statements_covered_display": "100", "num_branches": 0, "num_partial_branches": 0, "covered_branches": 0, "missing_branches": 0, "percent_branches_covered": 100.0, "percent_branches_covered_display": "100"}, "missing_lines": [], "excluded_lines": [], "start_line": 1, "executed_branches": [], "missing_branches": []}}}, "src/application/services/learning_query_service.py": {"executed_lines": [2, 4, 14, 15, 20, 23, 24, 31, 32, 33, 34, 36, 37, 38, 39, 40, 41, 42, 77, 78, 80, 81, 83, 84], "summary": {"covered_lines": 24, "num_statements": 26, "percent_covered": 87.5, "percent_covered_display": "88", "missing_lines": 2, "excluded_lines": 0, "percent_statements_covered": 92.3076923076923, "percent_statements_covered_display": "92", "num_branches": 6, "num_partial_branches": 2, "covered_branches": 4, "missing_branches": 2, "percent_branches_covered": 66.66666666666667, "percent_branches_covered_display": "67"}, "missing_lines": [79, 82], "excluded_lines": [], "executed_branches": [[40, 41], [40, 42], [78, 80], [81, 83]], "missing_branches": [[78, 79], [81, 82]], "functions": {"LearningQueryService.__init__": {"executed_lines": [31, 32, 33, 34], "summary": {"covered_lines": 4, "num_statements": 4, "percent_covered": 100.0, "percent_covered_display": "100", "missing_lines": 0, "excluded_lines": 0, "percent_statements_covered": 100.0, "percent_statements_covered_display": "100", "num_branches": 0, "num_partial_branches": 0, "covered_branches": 0, "missing_branches": 0, "percent_branches_covered": 100.0, "percent_branches_covered_display": "100"}, "missing_lines": [], "excluded_lines": [], "start_line": 24, "executed_branches": [], "missing_branches": []}, "LearningQueryService.get_learning_history": {"executed_lines": [37, 38, 39, 40, 41, 42], "summary": {"covered_lines": 6, "num_statements": 6, "percent_covered": 100.0, "percent_covered_display": "100", "missing_lines": 0, "excluded_lines": 0, "percent_statements_covered": 100.0, "percent_statements_covered_display": "100", "num_branches": 2, "num_partial_branches": 0, "covered_branches": 2, "missing_branches": 0, "percent_branches_covered": 100.0, "percent_branches_covered_display": "100"}, "missing_lines": [], "excluded_lines": [], "start_line": 36, "executed_branches": [[40, 41], [40, 42]], "missing_branches": []}, "LearningQueryService.get_profile": {"executed_lines": [78, 80, 81, 83, 84], "summary": {"covered_lines": 5, "num_statements": 7, "percent_covered": 63.63636363636363, "percent_covered_display": "64", "missing_lines": 2, "excluded_lines": 0, "percent_statements_covered": 71.42857142857143, "percent_statements_covered_display": "71", "num_branches": 4, "num_partial_branches": 2, "covered_branches": 2, "missing_branches": 2, "percent_branches_covered": 50.0, "percent_branches_covered_display": "50"}, "missing_lines": [79, 82], "excluded_lines": [], "start_line": 77, "executed_branches": [[78, 80], [81, 83]], "missing_branches": [[78, 79], [81, 82]]}, "": {"executed_lines": [2, 4, 14, 15, 20, 23, 24, 36, 77], "summary": {"covered_lines": 9, "num_statements": 9, "percent_covered": 100.0, "percent_covered_display": "100", "missing_lines": 0, "excluded_lines": 0, "percent_statements_covered": 100.0, "percent_statements_covered_display": "100", "num_branches": 0, "num_partial_branches": 0, "covered_branches": 0, "missing_branches": 0, "percent_branches_covered": 100.0, "percent_branches_covered_display": "100"}, "missing_lines": [], "excluded_lines": [], "start_line": 1, "executed_branches": [], "missing_branches": []}}, "classes": {"LearningQueryService": {"executed_lines": [31, 32, 33, 34, 37, 38, 39, 40, 41, 42, 78, 80, 81, 83, 84], "summary": {"covered_lines": 15, "num_statements": 17, "percent_covered": 82.6086956521739, "percent_covered_display": "83", "missing_lines": 2, "excluded_lines": 0, "percent_statements_covered": 88.23529411764706, "percent_statements_covered_display": "88", "num_branches": 6, "num_partial_branches": 2, "covered_branches": 4, "missing_branches": 2, "percent_branches_covered": 66.66666666666667, "percent_branches_covered_display": "67"}, "missing_lines": [79, 82], "excluded_lines": [], "start_line": 23, "executed_branches": [[40, 41], [40, 42], [78, 80], [81, 83]], "missing_branches": [[78, 79], [81, 82]]}, "": {"executed_lines": [2, 4, 14, 15, 20, 23, 24, 36, 77], "summary": {"covered_lines": 9, "num_statements": 9, "percent_covered": 100.0, "percent_covered_display": "100", "missing_lines": 0, "excluded_lines": 0, "percent_statements_covered": 100.0, "percent_statements_covered_display": "100", "num_branches": 0, "num_partial_branches": 0, "covered_branches": 0, "missing_branches": 0, "percent_branches_covered": 100.0, "percent_branches_covered_display": "100"}, "missing_lines": [], "excluded_lines": [], "start_line": 1, "executed_branches": [], "missing_branches": []}}}, "src/application/services/llm_gate.py": {"executed_lines": [2, 4, 5, 6, 7, 8, 9, 10, 12, 13, 14, 15, 16, 17, 18, 19, 20, 21, 23, 26, 27, 28, 29, 30, 31, 32, 35, 38, 40, 48, 49, 50, 51, 52, 54, 55, 56, 57, 58, 59, 60, 62, 63, 64, 66, 67, 68, 70, 76, 77, 79, 80, 81, 82, 84, 85, 86, 87, 88, 89, 90, 97, 98, 99, 100, 101, 102, 103, 116, 117, 118, 120, 128, 131, 132, 133, 135, 136, 137, 138, 139, 140, 142, 143, 144, 145, 146, 147, 148, 149, 151, 159, 160, 161, 162, 165, 166, 167, 168, 170, 171, 172, 173, 174, 175, 176, 178, 179, 180, 181, 182, 183, 185, 195, 196, 198, 199, 200, 201, 213, 214, 215, 217, 218, 219, 220, 221, 222, 224, 226, 227, 228, 229, 231, 234, 235, 236, 237, 239, 247, 248, 249, 250], "summary": {"covered_lines": 143, "num_statements": 144, "percent_covered": 96.35416666666667, "percent_covered_display": "96", "missing_lines": 1, "excluded_lines": 0, "percent_statements_covered": 99.30555555555556, "percent_statements_covered_display": "99", "num_branches": 48, "num_partial_branches": 6, "covered_branches": 42, "missing_branches": 6, "percent_branches_covered": 87.5, "percent_branches_covered_display": "88"}, "missing_lines": [169], "excluded_lines": [], "executed_branches": [[57, 58], [57, 60], [63, -62], [63, 64], [67, -66], [67, 68], [79, 80], [79, 84], [84, 85], [84, 97], [86, 87], [86, 97], [102, 103], [102, 117], [135, 136], [135, 142], [137, 138], [137, 142], [146, 147], [146, 148], [165, 166], [165, 178], [167, 168], [168, 170], [171, 172], [171, 173], [174, 175], [178, 179], [180, 181], [180, 198], [195, 196], [195, 198], [200, 201], [218, 219], [218, 220], [220, 221], [227, 228], [227, 229], [235, 236], [235, 237], [248, 249], [248, 250]], "missing_branches": [[167, 178], [168, 169], [174, 167], [178, 198], [200, 214], [220, 222]], "functions": {"LlmGate.__init__": {"executed_lines": [48, 49, 50, 51, 52], "summary": {"covered_lines": 5, "num_statements": 5, "percent_covered": 100.0, "percent_covered_display": "100", "missing_lines": 0, "excluded_lines": 0, "percent_statements_covered": 100.0, "percent_statements_covered_display": "100", "num_branches": 0, "num_partial_branches": 0, "covered_branches": 0, "missing_branches": 0, "percent_branches_covered": 100.0, "percent_branches_covered_display": "100"}, "missing_lines": [], "excluded_lines": [], "start_line": 40, "executed_branches": [], "missing_branches": []}, "LlmGate._hash": {"executed_lines": [56, 57, 58, 59, 60], "summary": {"covered_lines": 5, "num_statements": 5, "percent_covered": 100.0, "percent_covered_display": "100", "missing_lines": 0, "excluded_lines": 0, "percent_statements_covered": 100.0, "percent_statements_covered_display": "100", "num_branches": 2, "num_partial_branches": 0, "covered_branches": 2, "missing_branches": 0, "percent_branches_covered": 100.0, "percent_branches_covered_display": "100"}, "missing_lines": [], "excluded_lines": [], "start_line": 55, "executed_branches": [[57, 58], [57, 60]], "missing_branches": []}, "LlmGate._emit": {"executed_lines": [63, 64], "summary": {"covered_lines": 2, "num_statements": 2, "percent_covered": 100.0, "percent_covered_display": "100", "missing_lines": 0, "excluded_lines": 0, "percent_statements_covered": 100.0, "percent_statements_covered_display": "100", "num_branches": 2, "num_partial_branches": 0, "covered_branches": 2, "missing_branches": 0, "percent_branches_covered": 100.0, "percent_branches_covered_display": "100"}, "missing_lines": [], "excluded_lines": [], "start_line": 62, "executed_branches": [[63, -62], [63, 64]], "missing_branches": []}, "LlmGate._observe_ms": {"executed_lines": [67, 68], "summary": {"covered_lines": 2, "num_statements": 2, "percent_covered": 100.0, "percent_covered_display": "100", "missing_lines": 0, "excluded_lines": 0, "percent_statements_covered": 100.0, "percent_statements_covered_display": "100", "num_branches": 2, "num_partial_branches": 0, "covered_branches": 2, "missing_branches": 0, "percent_branches_covered": 100.0, "percent_branches_covered_display": "100"}, "missing_lines": [], "excluded_lines": [], "start_line": 66, "executed_branches": [[67, -66], [67, 68]], "missing_branches": []}, "LlmGate.analyze": {"executed_lines": [76, 77, 79, 80, 81, 82, 84, 85, 86, 87, 88, 89, 90, 97, 98, 99, 100, 101, 102, 103, 116, 117, 118], "summary": {"covered_lines": 23, "num_statements": 23, "percent_covered": 100.0, "percent_covered_display": "100", "missing_lines": 0, "excluded_lines": 0, "percent_statements_covered": 100.0, "percent_statements_covered_display": "100", "num_branches": 8, "num_partial_branches": 0, "covered_branches": 8, "missing_branches": 0, "percent_branches_covered": 100.0, "percent_branches_covered_display": "100"}, "missing_lines": [], "excluded_lines": [], "start_line": 70, "executed_branches": [[79, 80], [79, 84], [84, 85], [84, 97], [86, 87], [86, 97], [102, 103], [102, 117]], "missing_branches": []}, "LlmGate.answer_question": {"executed_lines": [128, 131, 132, 133, 135, 136, 137, 138, 139, 140, 142, 143, 144, 145, 146, 147, 148, 149], "summary": {"covered_lines": 18, "num_statements": 18, "percent_covered": 100.0, "percent_covered_display": "100", "missing_lines": 0, "excluded_lines": 0, "percent_statements_covered": 100.0, "percent_statements_covered_display": "100", "num_branches": 6, "num_partial_branches": 0, "covered_branches": 6, "missing_branches": 0, "percent_branches_covered": 100.0, "percent_branches_covered_display": "100"}, "missing_lines": [], "excluded_lines": [], "start_line": 120, "executed_branches": [[135, 136], [135, 142], [137, 138], [137, 142], [146, 147], [146, 148]], "missing_branches": []}, "LlmGate.generate_quiz": {"executed_lines": [159, 160, 161, 162, 165, 166, 167, 168, 170, 171, 172, 173, 174, 175, 176, 178, 179, 180, 181, 182, 183, 185, 195, 196, 198, 199, 200, 201, 213, 214, 215], "summary": {"covered_lines": 31, "num_statements": 32, "percent_covered": 88.0, "percent_covered_display": "88", "missing_lines": 1, "excluded_lines": 0, "percent_statements_covered": 96.875, "percent_statements_covered_display": "97", "num_branches": 18, "num_partial_branches": 5, "covered_branches": 13, "missing_branches": 5, "percent_branches_covered": 72.22222222222223, "percent_branches_covered_display": "72"}, "missing_lines": [169], "excluded_lines": [], "start_line": 151, "executed_branches": [[165, 166], [165, 178], [167, 168], [168, 170], [171, 172], [171, 173], [174, 175], [178, 179], [180, 181], [180, 198], [195, 196], [195, 198], [200, 201]], "missing_branches": [[167, 178], [168, 169], [174, 167], [178, 198], [200, 214]]}, "LlmGate.invalidate_document": {"executed_lines": [218, 219, 220, 221, 222], "summary": {"covered_lines": 5, "num_statements": 5, "percent_covered": 88.88888888888889, "percent_covered_display": "89", "missing_lines": 0, "excluded_lines": 0, "percent_statements_covered": 100.0, "percent_statements_covered_display": "100", "num_branches": 4, "num_partial_branches": 1, "covered_branches": 3, "missing_branches": 1, "percent_branches_covered": 75.0, "percent_branches_covered_display": "75"}, "missing_lines": [], "excluded_lines": [], "start_line": 217, "executed_branches": [[218, 219], [218, 220], [220, 221]], "missing_branches": [[220, 222]]}, "LlmGate._call_analyze": {"executed_lines": [226, 227, 228, 229], "summary": {"covered_lines": 4, "num_statements": 4, "percent_covered": 100.0, "percent_covered_display": "100", "missing_lines": 0, "excluded_lines": 0, "percent_statements_covered": 100.0, "percent_statements_covered_display": "100", "num_branches": 2, "num_partial_branches": 0, "covered_branches": 2, "missing_branches": 0, "percent_branches_covered": 100.0, "percent_branches_covered_display": "100"}, "missing_lines": [], "excluded_lines": [], "start_line": 224, "executed_branches": [[227, 228], [227, 229]], "missing_branches": []}, "LlmGate._call_answer": {"executed_lines": [234, 235, 236, 237], "summary": {"covered_lines": 4, "num_statements": 4, "percent_covered": 100.0, "percent_covered_display": "100", "missing_lines": 0, "excluded_lines": 0, "percent_statements_covered": 100.0, "percent_statements_covered_display": "100", "num_branches": 2, "num_partial_branches": 0, "covered_branches": 2, "missing_branches": 0, "percent_branches_covered": 100.0, "percent_branches_covered_display": "100"}, "missing_lines": [], "excluded_lines": [], "start_line": 231, "executed_branches": [[235, 236], [235, 237]], "missing_branches": []}, "LlmGate._call_quiz": {"executed_lines": [247, 248, 249, 250], "summary": {"covered_lines": 4, "num_statements": 4, "percent_covered": 100.0, "percent_covered_display": "100", "missing_lines": 0, "excluded_lines": 0, "percent_statements_covered": 100.0, "percent_statements_covered_display": "100", "num_branches": 2, "num_partial_branches": 0, "covered_branches": 2, "missing_branches": 0, "percent_branches_covered": 100.0, "percent_branches_covered_display": "100"}, "missing_lines": [], "excluded_lines": [], "start_line": 239, "executed_branches": [[248, 249], [248, 250]], "missing_branches": []}, "": {"executed_lines": [2, 4, 5, 6, 7, 8, 9, 10, 12, 13, 14, 15, 16, 17, 18, 19, 20, 21, 23, 26, 27, 28, 29, 30, 31, 32, 35, 38, 40, 54, 55, 62, 66, 70, 120, 151, 217, 224, 231, 239], "summary": {"covered_lines": 40, "num_statements": 40, "percent_covered": 100.0, "percent_covered_display": "100", "missing_lines": 0, "excluded_lines": 0, "percent_statements_covered": 100.0, "percent_statements_covered_display": "100", "num_branches": 0, "num_partial_branches": 0, "covered_branches": 0, "missing_branches": 0, "percent_branches_covered": 100.0, "percent_branches_covered_display": "100"}, "missing_lines": [], "excluded_lines": [], "start_line": 1, "executed_branches": [], "missing_branches": []}}, "classes": {"LlmCallResult": {"executed_lines": [], "summary": {"covered_lines": 0, "num_statements": 0, "percent_covered": 100.0, "percent_covered_display": "100", "missing_lines": 0, "excluded_lines": 0, "percent_statements_covered": 100.0, "percent_statements_covered_display": "100", "num_branches": 0, "num_partial_branches": 0, "covered_branches": 0, "missing_branches": 0, "percent_branches_covered": 100.0, "percent_branches_covered_display": "100"}, "missing_lines": [], "excluded_lines": [], "start_line": 27, "executed_branches": [], "missing_branches": []}, "LlmGate": {"executed_lines": [48, 49, 50, 51, 52, 56, 57, 58, 59, 60, 63, 64, 67, 68, 76, 77, 79, 80, 81, 82, 84, 85, 86, 87, 88, 89, 90, 97, 98, 99, 100, 101, 102, 103, 116, 117, 118, 128, 131, 132, 133, 135, 136, 137, 138, 139, 140, 142, 143, 144, 145, 146, 147, 148, 149, 159, 160, 161, 162, 165, 166, 167, 168, 170, 171, 172, 173, 174, 175, 176, 178, 179, 180, 181, 182, 183, 185, 195, 196, 198, 199, 200, 201, 213, 214, 215, 218, 219, 220, 221, 222, 226, 227, 228, 229, 234, 235, 236, 237, 247, 248, 249, 250], "summary": {"covered_lines": 103, "num_statements": 104, "percent_covered": 95.39473684210526, "percent_covered_display": "95", "missing_lines": 1, "excluded_lines": 0, "percent_statements_covered": 99.03846153846153, "percent_statements_covered_display": "99", "num_branches": 48, "num_partial_branches": 6, "covered_branches": 42, "missing_branches": 6, "percent_branches_covered": 87.5, "percent_branches_covered_display": "88"}, "missing_lines": [169], "excluded_lines": [], "start_line": 35, "executed_branches": [[57, 58], [57, 60], [63, -62], [63, 64], [67, -66], [67, 68], [79, 80], [79, 84], [84, 85], [84, 97], [86, 87], [86, 97], [102, 103], [102, 117], [135, 136], [135, 142], [137, 138], [137, 142], [146, 147], [146, 148], [165, 166], [165, 178], [167, 168], [168, 170], [171, 172], [171, 173], [174, 175], [178, 179], [180, 181], [180, 198], [195, 196], [195, 198], [200, 201], [218, 219], [218, 220], [220, 221], [227, 228], [227, 229], [235, 236], [235, 237], [248, 249], [248, 250]], "missing_branches": [[167, 178], [168, 169], [174, 167], [178, 198], [200, 214], [220, 222]]}, "": {"executed_lines": [2, 4, 5, 6, 7, 8, 9, 10, 12, 13, 14, 15, 16, 17, 18, 19, 20, 21, 23, 26, 27, 28, 29, 30, 31, 32, 35, 38, 40, 54, 55, 62, 66, 70, 120, 151, 217, 224, 231, 239], "summary": {"covered_lines": 40, "num_statements": 40, "percent_covered": 100.0, "percent_covered_display": "100", "missing_lines": 0, "excluded_lines": 0, "percent_statements_covered": 100.0, "percent_statements_covered_display": "100", "num_branches": 0, "num_partial_branches": 0, "covered_branches": 0, "missing_branches": 0, "percent_branches_covered": 100.0, "percent_branches_covered_display": "100"}, "missing_lines": [], "excluded_lines": [], "start_line": 1, "executed_branches": [], "missing_branches": []}}}, "src/application/services/quiz_service.py": {"executed_lines": [1, 2, 4, 5, 11, 12, 13, 14, 15, 16, 24, 25, 26, 27, 28, 29, 32, 33, 34, 35, 36, 38, 51, 52, 53, 54, 55, 56, 57, 58, 59, 60, 61, 62, 64, 70, 71, 72, 73, 74, 75, 76, 77, 79, 80, 83, 84, 85, 86, 87, 88, 89, 90, 91, 92, 95, 96, 105, 109, 110, 111, 112, 114, 115, 116, 117, 119, 121, 122, 123, 125, 131, 132, 133, 140, 142, 143, 144, 145, 147, 148, 150, 151, 154, 155, 156, 157, 158, 160, 162, 181, 182, 183, 185, 186, 187, 189, 190, 191, 192, 195, 196], "summary": {"covered_lines": 102, "num_statements": 107, "percent_covered": 91.60839160839161, "percent_covered_display": "92", "missing_lines": 5, "excluded_lines": 0, "percent_statements_covered": 95.32710280373831, "percent_statements_covered_display": "95", "num_branches": 36, "num_partial_branches": 7, "covered_branches": 29, "missing_branches": 7, "percent_branches_covered": 80.55555555555556, "percent_branches_covered_display": "81"}, "missing_lines": [78, 81, 97, 184, 193], "excluded_lines": [], "executed_branches": [[71, 72], [71, 73], [73, 74], [73, 75], [75, 76], [75, 80], [77, 79], [80, 83], [84, 85], [84, 86], [87, 88], [87, 89], [90, 91], [90, 92], [96, 105], [114, 115], [115, 116], [115, 117], [142, 143], [143, 144], [143, 145], [147, 148], [147, 162], [154, 155], [154, 156], [183, 185], [185, 186], [185, 187], [191, 192]], "missing_branches": [[77, 78], [80, 81], [96, 97], [114, 117], [142, 145], [183, 184], [191, 193]], "functions": {"QuizService.__init__": {"executed_lines": [51, 52, 53, 54, 55, 56, 57, 58, 59, 60, 61, 62], "summary": {"covered_lines": 12, "num_statements": 12, "percent_covered": 100.0, "percent_covered_display": "100", "missing_lines": 0, "excluded_lines": 0, "percent_statements_covered": 100.0, "percent_statements_covered_display": "100", "num_branches": 0, "num_partial_branches": 0, "covered_branches": 0, "missing_branches": 0, "percent_branches_covered": 100.0, "percent_branches_covered_display": "100"}, "missing_lines": [], "excluded_lines": [], "start_line": 38, "executed_branches": [], "missing_branches": []}, "QuizService.generate": {"executed_lines": [70, 71, 72, 73, 74, 75, 76, 77, 79, 80, 83, 84, 85, 86, 87, 88, 89, 90, 91, 92, 95, 96, 105, 109, 110, 111, 112, 114, 115, 116, 117, 119], "summary": {"covered_lines": 32, "num_statements": 35, "percent_covered": 87.71929824561404, "percent_covered_display": "88", "missing_lines": 3, "excluded_lines": 0, "percent_statements_covered": 91.42857142857143, "percent_statements_covered_display": "91", "num_branches": 22, "num_partial_branches": 4, "covered_branches": 18, "missing_branches": 4, "percent_branches_covered": 81.81818181818181, "percent_branches_covered_display": "82"}, "missing_lines": [78, 81, 97], "excluded_lines": [], "start_line": 64, "executed_branches": [[71, 72], [71, 73], [73, 74], [73, 75], [75, 76], [75, 80], [77, 79], [80, 83], [84, 85], [84, 86], [87, 88], [87, 89], [90, 91], [90, 92], [96, 105], [114, 115], [115, 116], [115, 117]], "missing_branches": [[77, 78], [80, 81], [96, 97], [114, 117]]}, "QuizService.get_quiz": {"executed_lines": [122, 123], "summary": {"covered_lines": 2, "num_statements": 2, "percent_covered": 100.0, "percent_covered_display": "100", "missing_lines": 0, "excluded_lines": 0, "percent_statements_covered": 100.0, "percent_statements_covered_display": "100", "num_branches": 0, "num_partial_branches": 0, "covered_branches": 0, "missing_branches": 0, "percent_branches_covered": 100.0, "percent_branches_covered_display": "100"}, "missing_lines": [], "excluded_lines": [], "start_line": 121, "executed_branches": [], "missing_branches": []}, "QuizService.submit_attempt": {"executed_lines": [131, 132, 133, 140, 142, 143, 144, 145, 147, 148, 150, 160, 162], "summary": {"covered_lines": 13, "num_statements": 13, "percent_covered": 94.73684210526316, "percent_covered_display": "95", "missing_lines": 0, "excluded_lines": 0, "percent_statements_covered": 100.0, "percent_statements_covered_display": "100", "num_branches": 6, "num_partial_branches": 1, "covered_branches": 5, "missing_branches": 1, "percent_branches_covered": 83.33333333333333, "percent_branches_covered_display": "83"}, "missing_lines": [], "excluded_lines": [], "start_line": 125, "executed_branches": [[142, 143], [143, 144], [143, 145], [147, 148], [147, 162]], "missing_branches": [[142, 145]]}, "QuizService.submit_attempt._persist_session": {"executed_lines": [151, 154, 155, 156, 157, 158], "summary": {"covered_lines": 6, "num_statements": 6, "percent_covered": 100.0, "percent_covered_display": "100", "missing_lines": 0, "excluded_lines": 0, "percent_statements_covered": 100.0, "percent_statements_covered_display": "100", "num_branches": 2, "num_partial_branches": 0, "covered_branches": 2, "missing_branches": 0, "percent_branches_covered": 100.0, "percent_branches_covered_display": "100"}, "missing_lines": [], "excluded_lines": [], "start_line": 150, "executed_branches": [[154, 155], [154, 156]], "missing_branches": []}, "QuizService._get_quiz_if_owner": {"executed_lines": [182, 183, 185, 186, 187], "summary": {"covered_lines": 5, "num_statements": 6, "percent_covered": 80.0, "percent_covered_display": "80", "missing_lines": 1, "excluded_lines": 0, "percent_statements_covered": 83.33333333333333, "percent_statements_covered_display": "83", "num_branches": 4, "num_partial_branches": 1, "covered_branches": 3, "missing_branches": 1, "percent_branches_covered": 75.0, "percent_branches_covered_display": "75"}, "missing_lines": [184], "excluded_lines": [], "start_line": 181, "executed_branches": [[183, 185], [185, 186], [185, 187]], "missing_branches": [[183, 184]]}, "QuizService._difficulty_str": {"executed_lines": [191, 192], "summary": {"covered_lines": 2, "num_statements": 3, "percent_covered": 60.0, "percent_covered_display": "60", "missing_lines": 1, "excluded_lines": 0, "percent_statements_covered": 66.66666666666667, "percent_statements_covered_display": "67", "num_branches": 2, "num_partial_branches": 1, "covered_branches": 1, "missing_branches": 1, "percent_branches_covered": 50.0, "percent_branches_covered_display": "50"}, "missing_lines": [193], "excluded_lines": [], "start_line": 190, "executed_branches": [[191, 192]], "missing_branches": [[191, 193]]}, "QuizService._to_public_dto": {"executed_lines": [196], "summary": {"covered_lines": 1, "num_statements": 1, "percent_covered": 100.0, "percent_covered_display": "100", "missing_lines": 0, "excluded_lines": 0, "percent_statements_covered": 100.0, "percent_statements_covered_display": "100", "num_branches": 0, "num_partial_branches": 0, "covered_branches": 0, "missing_branches": 0, "percent_branches_covered": 100.0, "percent_branches_covered_display": "100"}, "missing_lines": [], "excluded_lines": [], "start_line": 195, "executed_branches": [], "missing_branches": []}, "": {"executed_lines": [1, 2, 4, 5, 11, 12, 13, 14, 15, 16, 24, 25, 26, 27, 28, 29, 32, 33, 34, 35, 36, 38, 64, 121, 125, 181, 189, 190, 195], "summary": {"covered_lines": 29, "num_statements": 29, "percent_covered": 100.0, "percent_covered_display": "100", "missing_lines": 0, "excluded_lines": 0, "percent_statements_covered": 100.0, "percent_statements_covered_display": "100", "num_branches": 0, "num_partial_branches": 0, "covered_branches": 0, "missing_branches": 0, "percent_branches_covered": 100.0, "percent_branches_covered_display": "100"}, "missing_lines": [], "excluded_lines": [], "start_line": 1, "executed_branches": [], "missing_branches": []}}, "classes": {"QuizService": {"executed_lines": [51, 52, 53, 54, 55, 56, 57, 58, 59, 60, 61, 62, 70, 71, 72, 73, 74, 75, 76, 77, 79, 80, 83, 84, 85, 86, 87, 88, 89, 90, 91, 92, 95, 96, 105, 109, 110, 111, 112, 114, 115, 116, 117, 119, 122, 123, 131, 132, 133, 140, 142, 143, 144, 145, 147, 148, 150, 151, 154, 155, 156, 157, 158, 160, 162, 182, 183, 185, 186, 187, 191, 192, 196], "summary": {"covered_lines": 73, "num_statements": 78, "percent_covered": 89.47368421052632, "percent_covered_display": "89", "missing_lines": 5, "excluded_lines": 0, "percent_statements_covered": 93.58974358974359, "percent_statements_covered_display": "94", "num_branches": 36, "num_partial_branches": 7, "covered_branches": 29, "missing_branches": 7, "percent_branches_covered": 80.55555555555556, "percent_branches_covered_display": "81"}, "missing_lines": [78, 81, 97, 184, 193], "excluded_lines": [], "start_line": 32, "executed_branches": [[71, 72], [71, 73], [73, 74], [73, 75], [75, 76], [75, 80], [77, 79], [80, 83], [84, 85], [84, 86], [87, 88], [87, 89], [90, 91], [90, 92], [96, 105], [114, 115], [115, 116], [115, 117], [142, 143], [143, 144], [143, 145], [147, 148], [147, 162], [154, 155], [154, 156], [183, 185], [185, 186], [185, 187], [191, 192]], "missing_branches": [[77, 78], [80, 81], [96, 97], [114, 117], [142, 145], [183, 184], [191, 193]]}, "": {"executed_lines": [1, 2, 4, 5, 11, 12, 13, 14, 15, 16, 24, 25, 26, 27, 28, 29, 32, 33, 34, 35, 36, 38
[...]
"percent_covered": 100.0, "percent_covered_display": "100", "missing_lines": 0, "excluded_lines": 0, "percent_statements_covered": 100.0, "percent_statements_covered_display": "100", "num_branches": 0, "num_partial_branches": 0, "covered_branches": 0, "missing_branches": 0, "percent_branches_covered": 100.0, "percent_branches_covered_display": "100"}, "missing_lines": [], "excluded_lines": [], "start_line": 76, "executed_branches": [], "missing_branches": []}, "DocumentMasteryItem": {"executed_lines": [], "summary": {"covered_lines": 0, "num_statements": 0, "percent_covered": 100.0, "percent_covered_display": "100", "missing_lines": 0, "excluded_lines": 0, "percent_statements_covered": 100.0, "percent_statements_covered_display": "100", "num_branches": 0, "num_partial_branches": 0, "covered_branches": 0, "missing_branches": 0, "percent_branches_covered": 100.0, "percent_branches_covered_display": "100"}, "missing_lines": [], "excluded_lines": [], "start_line": 82, "executed_branches": [], "missing_branches": []}, "ConceptMasteryItem": {"executed_lines": [], "summary": {"covered_lines": 0, "num_statements": 0, "percent_covered": 100.0, "percent_covered_display": "100", "missing_lines": 0, "excluded_lines": 0, "percent_statements_covered": 100.0, "percent_statements_covered_display": "100", "num_branches": 0, "num_partial_branches": 0, "covered_branches": 0, "missing_branches": 0, "percent_branches_covered": 100.0, "percent_branches_covered_display": "100"}, "missing_lines": [], "excluded_lines": [], "start_line": 90, "executed_branches": [], "missing_branches": []}, "PedagogicalMemoryItem": {"executed_lines": [], "summary": {"covered_lines": 0, "num_statements": 0, "percent_covered": 100.0, "percent_covered_display": "100", "missing_lines": 0, "excluded_lines": 0, "percent_statements_covered": 100.0, "percent_statements_covered_display": "100", "num_branches": 0, "num_partial_branches": 0, "covered_branches": 0, "missing_branches": 0, "percent_branches_covered": 100.0, "percent_branches_covered_display": "100"}, "missing_lines": [], "excluded_lines": [], "start_line": 103, "executed_branches": [], "missing_branches": []}, "StudentProfileResponse": {"executed_lines": [], "summary": {"covered_lines": 0, "num_statements": 0, "percent_covered": 100.0, "percent_covered_display": "100", "missing_lines": 0, "excluded_lines": 0, "percent_statements_covered": 100.0, "percent_statements_covered_display": "100", "num_branches": 0, "num_partial_branches": 0, "covered_branches": 0, "missing_branches": 0, "percent_branches_covered": 100.0, "percent_branches_covered_display": "100"}, "missing_lines": [], "excluded_lines": [], "start_line": 111, "executed_branches": [], "missing_branches": []}, "": {"executed_lines": [1, 2, 4, 7, 8, 9, 10, 11, 14, 15, 16, 17, 18, 19, 22, 23, 32, 33, 34, 35, 36, 37, 40, 41, 42, 43, 44, 45, 46, 47, 50, 51, 52, 53, 54, 55, 56, 59, 60, 61, 62, 63, 64, 67, 68, 69, 70, 71, 72, 73, 76, 77, 78, 79, 82, 83, 84, 85, 86, 87, 90, 91, 92, 93, 94, 95, 96, 97, 98, 99, 100, 103, 104, 105, 106, 107, 108, 111, 112, 113, 114, 115, 116, 117, 118, 119, 120, 121], "summary": {"covered_lines": 88, "num_statements": 88, "percent_covered": 100.0, "percent_covered_display": "100", "missing_lines": 0, "excluded_lines": 0, "percent_statements_covered": 100.0, "percent_statements_covered_display": "100", "num_branches": 0, "num_partial_branches": 0, "covered_branches": 0, "missing_branches": 0, "percent_branches_covered": 100.0, "percent_branches_covered_display": "100"}, "missing_lines": [], "excluded_lines": [], "start_line": 1, "executed_branches": [], "missing_branches": []}}}, "src/interfaces/schemas/user_schemas.py": {"executed_lines": [1, 2, 4, 7, 8, 9, 10, 19, 20, 21, 22, 23, 25, 28, 29, 30, 33, 34, 35, 36, 37, 38, 39, 41], "summary": {"covered_lines": 24, "num_statements": 25, "percent_covered": 92.5925925925926, "percent_covered_display": "93", "missing_lines": 1, "excluded_lines": 0, "percent_statements_covered": 96.0, "percent_statements_covered_display": "96", "num_branches": 2, "num_partial_branches": 1, "covered_branches": 1, "missing_branches": 1, "percent_branches_covered": 50.0, "percent_branches_covered_display": "50"}, "missing_lines": [24], "excluded_lines": [], "executed_branches": [[23, 25]], "missing_branches": [[23, 24]], "functions": {"UserRegisterRequest.username_sin_espacios_extremos": {"executed_lines": [22, 23, 25], "summary": {"covered_lines": 3, "num_statements": 4, "percent_covered": 66.66666666666667, "percent_covered_display": "67", "missing_lines": 1, "excluded_lines": 0, "percent_statements_covered": 75.0, "percent_statements_covered_display": "75", "num_branches": 2, "num_partial_branches": 1, "covered_branches": 1, "missing_branches": 1, "percent_branches_covered": 50.0, "percent_branches_covered_display": "50"}, "missing_lines": [24], "excluded_lines": [], "start_line": 21, "executed_branches": [[23, 25]], "missing_branches": [[23, 24]]}, "": {"executed_lines": [1, 2, 4, 7, 8, 9, 10, 19, 20, 21, 28, 29, 30, 33, 34, 35, 36, 37, 38, 39, 41], "summary": {"covered_lines": 21, "num_statements": 21, "percent_covered": 100.0, "percent_covered_display": "100", "missing_lines": 0, "excluded_lines": 0, "percent_statements_covered": 100.0, "percent_statements_covered_display": "100", "num_branches": 0, "num_partial_branches": 0, "covered_branches": 0, "missing_branches": 0, "percent_branches_covered": 100.0, "percent_branches_covered_display": "100"}, "missing_lines": [], "excluded_lines": [], "start_line": 1, "executed_branches": [], "missing_branches": []}}, "classes": {"UserRegisterRequest": {"executed_lines": [22, 23, 25], "summary": {"covered_lines": 3, "num_statements": 4, "percent_covered": 66.66666666666667, "percent_covered_display": "67", "missing_lines": 1, "excluded_lines": 0, "percent_statements_covered": 75.0, "percent_statements_covered_display": "75", "num_branches": 2, "num_partial_branches": 1, "covered_branches": 1, "missing_branches": 1, "percent_branches_covered": 50.0, "percent_branches_covered_display": "50"}, "missing_lines": [24], "excluded_lines": [], "start_line": 7, "executed_branches": [[23, 25]], "missing_branches": [[23, 24]]}, "TokenResponse": {"executed_lines": [], "summary": {"covered_lines": 0, "num_statements": 0, "percent_covered": 100.0, "percent_covered_display": "100", "missing_lines": 0, "excluded_lines": 0, "percent_statements_covered": 100.0, "percent_statements_covered_display": "100", "num_branches": 0, "num_partial_branches": 0, "covered_branches": 0, "missing_branches": 0, "percent_branches_covered": 100.0, "percent_branches_covered_display": "100"}, "missing_lines": [], "excluded_lines": [], "start_line": 28, "executed_branches": [], "missing_branches": []}, "UserResponse": {"executed_lines": [], "summary": {"covered_lines": 0, "num_statements": 0, "percent_covered": 100.0, "percent_covered_display": "100", "missing_lines": 0, "excluded_lines": 0, "percent_statements_covered": 100.0, "percent_statements_covered_display": "100", "num_branches": 0, "num_partial_branches": 0, "covered_branches": 0, "missing_branches": 0, "percent_branches_covered": 100.0, "percent_branches_covered_display": "100"}, "missing_lines": [], "excluded_lines": [], "start_line": 33, "executed_branches": [], "missing_branches": []}, "": {"executed_lines": [1, 2, 4, 7, 8, 9, 10, 19, 20, 21, 28, 29, 30, 33, 34, 35, 36, 37, 38, 39, 41], "summary": {"covered_lines": 21, "num_statements": 21, "percent_covered": 100.0, "percent_covered_display": "100", "missing_lines": 0, "excluded_lines": 0, "percent_statements_covered": 100.0, "percent_statements_covered_display": "100", "num_branches": 0, "num_partial_branches": 0, "covered_branches": 0, "missing_branches": 0, "percent_branches_covered": 100.0, "percent_branches_covered_display": "100"}, "missing_lines": [], "excluded_lines": [], "start_line": 1, "executed_branches": [], "missing_branches": []}}}, "src/main.py": {"executed_lines": [1, 2, 3, 4, 6, 7, 11, 12, 13, 14, 16, 22, 23, 24, 25, 26, 28, 29, 30, 31, 33, 34, 37, 39, 40, 42, 43, 44, 46, 47, 48, 49, 51, 52, 53, 54, 55, 56, 57, 60, 61, 62, 71, 79, 82, 84, 85, 86, 93, 94, 95, 96, 97, 99, 100, 103, 104, 105, 106, 108, 111, 112, 114, 115, 117, 118, 119, 120, 121, 122, 123, 124, 125, 126, 127, 128, 129, 130, 135, 136, 137, 138, 139, 140, 141, 142, 143, 147, 148, 149, 150, 151, 152, 153, 154, 155, 156, 158, 159, 160, 161, 162, 163, 166, 167, 168, 170, 181, 182, 183, 192, 193, 199, 201, 204, 205, 212, 213, 220, 222, 223, 224, 225, 226, 229, 230, 231, 232, 233, 236, 237, 238, 241, 242, 244, 245, 246, 247, 248, 250, 251, 252, 253, 254, 255, 257, 258, 262, 263, 264, 266, 267, 268, 269, 270, 271, 273, 274, 275, 276, 282, 295, 296, 297, 298, 299, 301, 302, 303, 305, 306], "summary": {"covered_lines": 171, "num_statements": 175, "percent_covered": 96.2085308056872, "percent_covered_display": "96", "missing_lines": 4, "excluded_lines": 0, "percent_statements_covered": 97.71428571428571, "percent_statements_covered_display": "98", "num_branches": 36, "num_partial_branches": 4, "covered_branches": 32, "missing_branches": 4, "percent_branches_covered": 88.88888888888889, "percent_branches_covered_display": "89"}, "missing_lines": [131, 132, 200, 202], "excluded_lines": [], "executed_branches": [[39, 40], [39, 42], [48, 49], [48, 51], [84, 85], [84, 86], [104, 105], [104, 106], [119, 120], [119, 121], [122, -111], [122, 123], [127, 128], [143, 147], [143, 148], [150, 151], [150, 156], [159, 160], [161, -135], [161, 162], [199, 201], [201, 204], [231, 232], [231, 233], [246, 247], [246, 257], [262, 263], [262, 273], [296, 297], [296, 298], [302, 303], [302, 306]], "missing_branches": [[127, 129], [159, 161], [199, 200], [201, 202]], "functions": {"_bootstrap_admin": {"executed_lines": [39, 40, 42, 43, 44, 46, 47, 48, 49, 51, 52, 53, 54, 55, 56, 57], "summary": {"covered_lines": 16, "num_statements": 16, "percent_covered": 100.0, "percent_covered_display": "100", "missing_lines": 0, "excluded_lines": 0, "percent_statements_covered": 100.0, "percent_statements_covered_display": "100", "num_branches": 4, "num_partial_branches": 0, "covered_branches": 4, "missing_branches": 0, "percent_branches_covered": 100.0, "percent_branches_covered_display": "100"}, "missing_lines": [], "excluded_lines": [], "start_line": 37, "executed_branches": [[39, 40], [39, 42], [48, 49], [48, 51]], "missing_branches": []}, "_register_learning_projector": {"executed_lines": [61, 62, 71, 79], "summary": {"covered_lines": 4, "num_statements": 4, "percent_covered": 100.0, "percent_covered_display": "100", "missing_lines": 0, "excluded_lines": 0, "percent_statements_covered": 100.0, "percent_statements_covered_display": "100", "num_branches": 0, "num_partial_branches": 0, "covered_branches": 0, "missing_branches": 0, "percent_branches_covered": 100.0, "percent_branches_covered_display": "100"}, "missing_lines": [], "excluded_lines": [], "start_line": 60, "executed_branches": [], "missing_branches": []}, "_warm_embodiment_stubs": {"executed_lines": [84, 85, 86, 93, 94, 95, 96, 97, 99, 100], "summary": {"covered_lines": 10, "num_statements": 10, "percent_covered": 100.0, "percent_covered_display": "100", "missing_lines": 0, "excluded_lines": 0, "percent_statements_covered": 100.0, "percent_statements_covered_display": "100", "num_branches": 2, "num_partial_branches": 0, "covered_branches": 2, "missing_branches": 0, "percent_branches_covered": 100.0, "percent_branches_covered_display": "100"}, "missing_lines": [], "excluded_lines": [], "start_line": 82, "executed_branches": [[84, 85], [84, 86]], "missing_branches": []}, "_ensure_mongo_indexes": {"executed_lines": [104, 105, 106, 108], "summary": {"covered_lines": 4, "num_statements": 4, "percent_covered": 100.0, "percent_covered_display": "100", "missing_lines": 0, "excluded_lines": 0, "percent_statements_covered": 100.0, "percent_statements_covered_display": "100", "num_branches": 2, "num_partial_branches": 0, "covered_branches": 2, "missing_branches": 0, "percent_branches_covered": 100.0, "percent_branches_covered_display": "100"}, "missing_lines": [], "excluded_lines": [], "start_line": 103, "executed_branches": [[104, 105], [104, 106]], "missing_branches": []}, "_outbox_worker_loop": {"executed_lines": [112, 114, 115, 117, 118, 119, 120, 121, 122, 123, 124, 125, 126, 127, 128, 129, 130], "summary": {"covered_lines": 17, "num_statements": 19, "percent_covered": 88.0, "percent_covered_display": "88", "missing_lines": 2, "excluded_lines": 0, "percent_statements_covered": 89.47368421052632, "percent_statements_covered_display": "89", "num_branches": 6, "num_partial_branches": 1, "covered_branches": 5, "missing_branches": 1, "percent_branches_covered": 83.33333333333333, "percent_branches_covered_display": "83"}, "missing_lines": [131, 132], "excluded_lines": [], "start_line": 111, "executed_branches": [[119, 120], [119, 121], [122, -111], [122, 123], [127, 128]], "missing_branches": [[127, 129]]}, "lifespan": {"executed_lines": [137, 138, 139, 140, 141, 142, 143, 147, 148, 149, 150, 151, 152, 153, 154, 155, 156, 158, 159, 160, 161, 162, 163], "summary": {"covered_lines": 23, "num_statements": 23, "percent_covered": 96.7741935483871, "percent_covered_display": "97", "missing_lines": 0, "excluded_lines": 0, "percent_statements_covered": 100.0, "percent_statements_covered_display": "100", "num_branches": 8, "num_partial_branches": 1, "covered_branches": 7, "missing_branches": 1, "percent_branches_covered": 87.5, "percent_branches_covered_display": "88"}, "missing_lines": [], "excluded_lines": [], "start_line": 136, "executed_branches": [[143, 147], [143, 148], [150, 151], [150, 156], [159, 160], [161, -135], [161, 162]], "missing_branches": [[159, 161]]}, "unhandled_exception_handler": {"executed_lines": [199, 201, 204, 205, 212, 213], "summary": {"covered_lines": 6, "num_statements": 8, "percent_covered": 66.66666666666667, "percent_covered_display": "67", "missing_lines": 2, "excluded_lines": 0, "percent_statements_covered": 75.0, "percent_statements_covered_display": "75", "num_branches": 4, "num_partial_branches": 2, "covered_branches": 2, "missing_branches": 2, "percent_branches_covered": 50.0, "percent_branches_covered_display": "50"}, "missing_lines": [200, 202], "excluded_lines": [], "start_line": 193, "executed_branches": [[199, 201], [201, 204]], "missing_branches": [[199, 200], [201, 202]]}, "root": {"executed_lines": [231, 232, 233], "summary": {"covered_lines": 3, "num_statements": 3, "percent_covered": 100.0, "percent_covered_display": "100", "missing_lines": 0, "excluded_lines": 0, "percent_statements_covered": 100.0, "percent_statements_covered_display": "100", "num_branches": 2, "num_partial_branches": 0, "covered_branches": 2, "missing_branches": 0, "percent_branches_covered": 100.0, "percent_branches_covered_display": "100"}, "missing_lines": [], "excluded_lines": [], "start_line": 230, "executed_branches": [[231, 232], [231, 233]], "missing_branches": []}, "health_check": {"executed_lines": [238], "summary": {"covered_lines": 1, "num_statements": 1, "percent_covered": 100.0, "percent_covered_display": "100", "missing_lines": 0, "excluded_lines": 0, "percent_statements_covered": 100.0, "percent_statements_covered_display": "100", "num_branches": 0, "num_partial_branches": 0, "covered_branches": 0, "missing_branches": 0, "percent_branches_covered": 100.0, "percent_branches_covered_display": "100"}, "missing_lines": [], "excluded_lines": [], "start_line": 237, "executed_branches": [], "missing_branches": []}, "readiness_check": {"executed_lines": [244, 245, 246, 247, 248, 250, 251, 252, 253, 254, 255, 257, 258, 262, 263, 264, 266, 267, 268, 269, 270, 271, 273, 274, 275, 276], "summary": {"covered_lines": 26, "num_statements": 26, "percent_covered": 100.0, "percent_covered_display": "100", "missing_lines": 0, "excluded_lines": 0, "percent_statements_covered": 100.0, "percent_statements_covered_display": "100", "num_branches": 4, "num_partial_branches": 0, "covered_branches": 4, "missing_branches": 0, "percent_branches_covered": 100.0, "percent_branches_covered_display": "100"}, "missing_lines": [], "excluded_lines": [], "start_line": 242, "executed_branches": [[246, 247], [246, 257], [262, 263], [262, 273]], "missing_branches": []}, "metrics_endpoint": {"executed_lines": [296, 297, 298, 299, 301, 302, 303, 305, 306], "summary": {"covered_lines": 9, "num_statements": 9, "percent_covered": 100.0, "percent_covered_display": "100", "missing_lines": 0, "excluded_lines": 0, "percent_statements_covered": 100.0, "percent_statements_covered_display": "100", "num_branches": 4, "num_partial_branches": 0, "covered_branches": 4, "missing_branches": 0, "percent_branches_covered": 100.0, "percent_branches_covered_display": "100"}, "missing_lines": [], "excluded_lines": [], "start_line": 295, "executed_branches": [[296, 297], [296, 298], [302, 303], [302, 306]], "missing_branches": []}, "": {"executed_lines": [1, 2, 3, 4, 6, 7, 11, 12, 13, 14, 16, 22, 23, 24, 25, 26, 28, 29, 30, 31, 33, 34, 37, 60, 82, 103, 111, 135, 136, 166, 167, 168, 170, 181, 182, 183, 192, 193, 220, 222, 223, 224, 225, 226, 229, 230, 236, 237, 241, 242, 282, 295], "summary": {"covered_lines": 52, "num_statements": 52, "percent_covered": 100.0, "percent_covered_display": "100", "missing_lines": 0, "excluded_lines": 0, "percent_statements_covered": 100.0, "percent_statements_covered_display": "100", "num_branches": 0, "num_partial_branches": 0, "covered_branches": 0, "missing_branches": 0, "percent_branches_covered": 100.0, "percent_branches_covered_display": "100"}, "missing_lines": [], "excluded_lines": [], "start_line": 1, "executed_branches": [], "missing_branches": []}}, "classes": {"": {"executed_lines": [1, 2, 3, 4, 6, 7, 11, 12, 13, 14, 16, 22, 23, 24, 25, 26, 28, 29, 30, 31, 33, 34, 37, 39, 40, 42, 43, 44, 46, 47, 48, 49, 51, 52, 53, 54, 55, 56, 57, 60, 61, 62, 71, 79, 82, 84, 85, 86, 93, 94, 95, 96, 97, 99, 100, 103, 104, 105, 106, 108, 111, 112, 114, 115, 117, 118, 119, 120, 121, 122, 123, 124, 125, 126, 127, 128, 129, 130, 135, 136, 137, 138, 139, 140, 141, 142, 143, 147, 148, 149, 150, 151, 152, 153, 154, 155, 156, 158, 159, 160, 161, 162, 163, 166, 167, 168, 170, 181, 182, 183, 192, 193, 199, 201, 204, 205, 212, 213, 220, 222, 223, 224, 225, 226, 229, 230, 231, 232, 233, 236, 237, 238, 241, 242, 244, 245, 246, 247, 248, 250, 251, 252, 253, 254, 255, 257, 258, 262, 263, 264, 266, 267, 268, 269, 270, 271, 273, 274, 275, 276, 282, 295, 296, 297, 298, 299, 301, 302, 303, 305, 306], "summary": {"covered_lines": 171, "num_statements": 175, "percent_covered": 96.2085308056872, "percent_covered_display": "96", "missing_lines": 4, "excluded_lines": 0, "percent_statements_covered": 97.71428571428571, "percent_statements_covered_display": "98", "num_branches": 36, "num_partial_branches": 4, "covered_branches": 32, "missing_branches": 4, "percent_branches_covered": 88.88888888888889, "percent_branches_covered_display": "89"}, "missing_lines": [131, 132, 200, 202], "excluded_lines": [], "start_line": 1, "executed_branches": [[39, 40], [39, 42], [48, 49], [48, 51], [84, 85], [84, 86], [104, 105], [104, 106], [119, 120], [119, 121], [122, -111], [122, 123], [127, 128], [143, 147], [143, 148], [150, 151], [150, 156], [159, 160], [161, -135], [161, 162], [199, 201], [201, 204], [231, 232], [231, 233], [246, 247], [246, 257], [262, 263], [262, 273], [296, 297], [296, 298], [302, 303], [302, 306]], "missing_branches": [[127, 129], [159, 161], [199, 200], [201, 202]]}}}}, "totals": {"covered_lines": 4363, "num_statements": 4483, "percent_covered": 95.30828689555995, "percent_covered_display": "95", "missing_lines": 120, "excluded_lines": 224, "percent_statements_covered": 97.32322105732769, "percent_statements_covered_display": "97", "num_branches": 1080, "num_partial_branches": 125, "covered_branches": 939, "missing_branches": 141, "percent_branches_covered": 86.94444444444444, "percent_branches_covered_display": "87"}}